mkdir -p "/data/eric/venus/build" "/data/eric/venus/tmp/fixed" "/data/eric/venus/tmp"
rm -rf "/data/eric/venus/build/provingKey"
cargo run --release --bin arith_frops_fixed_gen
    Finished `release` profile [optimized] target(s) in 0.14s
     Running `target/release/arith_frops_fixed_gen`
Generating columns for 2085944 rows
Columns generated successfully op:2085944 a0:2085944 a1:2085944 b0:2085944 b1:2085944 c0:2085944 c1:2085944 flag:2085944
OP, A, B, C and FLAG columns written to state-machines/arith/src/arith_frops_fixed.bin
cargo run --release --bin binary_basic_frops_fixed_gen
    Finished `release` profile [optimized] target(s) in 0.11s
     Running `target/release/binary_basic_frops_fixed_gen`
Generating columns for 13084068 rows
Columns generated successfully op:13084068 a0:13084068 a1:13084068 b0:13084068 b1:13084068 c0:13084068 c1:13084068 flag:13084068
OP, A, B, C and FLAG columns written to state-machines/binary/src/binary_basic_frops_fixed.bin
cargo run --release --bin binary_extension_frops_fixed_gen
    Finished `release` profile [optimized] target(s) in 0.11s
     Running `target/release/binary_extension_frops_fixed_gen`
Generating columns for 1607204 rows
Columns generated successfully op:1607204 a0:1607204 a1:1607204 b0:1607204 b1:1607204 c0:1607204 c1:1607204 flag:1607204
OP, A, B, C and FLAG columns written to state-machines/binary/src/binary_extension_frops_fixed.bin
cargo run --release --bin pil2c -- "/data/eric/venus/pil/zisk.pil" \
	-I "/data/eric/venus/pil,/data/eric/venus/pil2-proofman/pil2-components/lib/std/pil,/data/eric/venus/state-machines,/data/eric/venus/precompiles" \
	-o "/data/eric/venus/pil/zisk.pilout" -u "/data/eric/venus/tmp/fixed" -O fixed-to-file
warning: unused import: `RuntimeUnaryOp`
   --> pil2-compiler-rust/src/processor/builtins.rs:349:65
    |
349 |     use super::expression::{ColRefKind, RuntimeExpr, RuntimeOp, RuntimeUnaryOp};
    |                                                                 ^^^^^^^^^^^^^^
    |
    = note: `#[warn(unused_imports)]` (part of `#[warn(unused)]`) on by default

warning: unused import: `Expr`
 --> pil2-compiler-rust/src/processor/expression.rs:8:33
  |
8 | use crate::parser::ast::{BinOp, Expr, NumericLiteral, NumericRadix, UnaryOp};
  |                                 ^^^^

warning: unused imports: `NamespaceContext` and `Scope`
 --> pil2-compiler-rust/src/processor/references.rs:8:22
  |
8 | use super::context::{NamespaceContext, Scope};
  |                      ^^^^^^^^^^^^^^^^  ^^^^^

warning: unused import: `super::expression::Value`
 --> pil2-compiler-rust/src/processor/references.rs:9:5
  |
9 | use super::expression::Value;
  |     ^^^^^^^^^^^^^^^^^^^^^^^^

warning: unused import: `std::collections::HashMap`
 --> pil2-compiler-rust/src/processor/variables.rs:7:5
  |
7 | use std::collections::HashMap;
  |     ^^^^^^^^^^^^^^^^^^^^^^^^^

warning: unused imports: `AirGroup` and `AirInfo`
  --> pil2-compiler-rust/src/processor/mod.rs:25:11
   |
25 | use air::{AirGroup, AirGroups, AirInfo, AirTemplateInfo, AirTemplates};
   |           ^^^^^^^^             ^^^^^^^

warning: variable does not need to be mutable
   --> pil2-compiler-rust/src/processor/ids.rs:115:17
    |
115 |             let mut d = data.clone();
    |                 ----^
    |                 |
    |                 help: remove this `mut`
    |
    = note: `#[warn(unused_mut)]` (part of `#[warn(unused)]`) on by default

warning: function `build_left_assoc_binop` is never used
    --> pil2-compiler-rust/src/parser/mod.rs:1717:4
     |
1717 | fn build_left_assoc_binop(pairs: Vec<pest::iterators::Pair<'_, Rule>>, build_operand: fn(pest::iterators::Pair<'_, Rule>) -> Resul...
     |    ^^^^^^^^^^^^^^^^^^^^^^
     |
     = note: `#[warn(dead_code)]` (part of `#[warn(unused)]`) on by default

warning: fields `name` and `source` are never read
   --> pil2-compiler-rust/src/processor/mod.rs:158:5
    |
157 | struct CallStackEntry {
    |        -------------- fields in this struct
158 |     name: String,
    |     ^^^^
159 |     source: String,
    |     ^^^^^^
    |
    = note: `CallStackEntry` has derived impls for the traits `Clone` and `Debug`, but these are intentionally ignored during dead code analysis

warning: field `source_refs` is never read
   --> pil2-compiler-rust/src/processor/mod.rs:166:5
    |
163 | struct DeferredCallInfo {
    |        ---------------- field in this struct
...
166 |     source_refs: Vec<String>,
    |     ^^^^^^^^^^^
    |
    = note: `DeferredCallInfo` has derived impls for the traits `Clone` and `Debug`, but these are intentionally ignored during dead code analysis

warning: field `bytes` is never read
   --> pil2-compiler-rust/src/processor/mod.rs:176:5
    |
175 | struct PragmaNextFixed {
    |        --------------- field in this struct
176 |     bytes: Option<u32>,
    |     ^^^^^
    |
    = note: `PragmaNextFixed` has derived impls for the traits `Clone` and `Debug`, but these are intentionally ignored during dead code analysis

warning: constant `MAX_SWITCH_CASE_RANGE` is never used
   --> pil2-compiler-rust/src/processor/mod.rs:183:7
    |
183 | const MAX_SWITCH_CASE_RANGE: i128 = 512;
    |       ^^^^^^^^^^^^^^^^^^^^^

warning: constant `REF_TYPE_PUBLIC_TABLE` is never used
  --> pil2-compiler-rust/src/proto_out.rs:34:7
   |
34 | const REF_TYPE_PUBLIC_TABLE: i32 = 7;
   |       ^^^^^^^^^^^^^^^^^^^^^

warning: fields `witness_id_to_proto`, `fixed_id_to_proto`, `custom_id_to_proto`, and `air_value_id_to_proto` are never read
  --> pil2-compiler-rust/src/proto_out.rs:66:5
   |
63 | pub struct ProtoOutBuilder<'a> {
   |            --------------- fields in this struct
...
66 |     witness_id_to_proto: Vec<(u32, u32)>,
   |     ^^^^^^^^^^^^^^^^^^^
67 |     /// Maps internal fixed column IDs to (type='F'|'P', proto_index).
68 |     fixed_id_to_proto: Vec<(char, u32)>,
   |     ^^^^^^^^^^^^^^^^^
69 |     /// Maps internal custom column IDs to (stage, proto_index, commit_id).
70 |     custom_id_to_proto: Vec<(u32, u32, u32)>,
   |     ^^^^^^^^^^^^^^^^^^
71 |     /// Maps internal air value IDs to (stage, proto_index, air_group_id, air_id).
72 |     air_value_id_to_proto: Vec<(u32, u32, u32, u32)>,
   |     ^^^^^^^^^^^^^^^^^^^^^

warning: eliding a lifetime that's named elsewhere is confusing
   --> pil2-compiler-rust/src/processor/references.rs:435:32
    |
433 |         &'a self,
    |          -- the lifetime is named here
434 |         types: &'a [RefType],
    |                 -- the lifetime is named here
435 |     ) -> impl Iterator<Item = (&String, &Reference)> + 'a {
    |                                ^^^^^^^  ^^^^^^^^^^     -- the same lifetime is named here
    |                                |        |
    |                                |        the same lifetime is elided here
    |                                the same lifetime is elided here
    |
    = help: the same lifetime is referred to in inconsistent ways, making the signature confusing
    = note: `#[warn(mismatched_lifetime_syntaxes)]` on by default
help: consistently use `'a`
    |
435 |     ) -> impl Iterator<Item = (&'a String, &'a Reference)> + 'a {
    |                                 ++          ++

warning: `pil2-compiler-rust` (lib) generated 15 warnings (run `cargo fix --lib -p pil2-compiler-rust` to apply 8 suggestions)
    Finished `release` profile [optimized] target(s) in 0.10s
     Running `target/release/pil2c /data/eric/venus/pil/zisk.pil -I /data/eric/venus/pil,/data/eric/venus/pil2-proofman/pil2-components/lib/std/pil,/data/eric/venus/state-machines,/data/eric/venus/precompiles -o /data/eric/venus/pil/zisk.pilout -u /data/eric/venus/tmp/fixed -O fixed-to-file`
pil2c: compiling /data/eric/venus/pil/zisk.pil
  > Parsing /data/eric/venus/pil/zisk.pil
  > require /data/eric/venus/pil2-proofman/pil2-components/lib/std/pil/std_direct.pil
  > require /data/eric/venus/pil2-proofman/pil2-components/lib/std/pil/std_constants.pil
  > require /data/eric/venus/pil2-proofman/pil2-components/lib/std/pil/goldilocks.pil
  > require /data/eric/venus/pil2-proofman/pil2-components/lib/std/pil/std_sum.pil
  > require /data/eric/venus/pil2-proofman/pil2-components/lib/std/pil/std_tools.pil
  > require /data/eric/venus/pil2-proofman/pil2-components/lib/std/pil/std_prod.pil
  > require /data/eric/venus/pil/operations.pil
  > require /data/eric/venus/pil/opids.pil
  > require /data/eric/venus/pil/config.pil
  > require /data/eric/venus/precompiles/dma/pil/dual_range.pil
  > require /data/eric/venus/pil2-proofman/pil2-components/lib/std/pil/std_lookup.pil
  > require /data/eric/venus/pil2-proofman/pil2-components/lib/std/pil/std_virtual_table.pil
  > require /data/eric/venus/state-machines/rom/pil/rom.pil
  > require /data/eric/venus/state-machines/main/pil/main.pil
  > require /data/eric/venus/pil2-proofman/pil2-components/lib/std/pil/std_permutation.pil
  > require /data/eric/venus/state-machines/main/pil/registers.pil
  > require /data/eric/venus/state-machines/mem/pil/mem.pil
  > require /data/eric/venus/pil2-proofman/pil2-components/lib/std/pil/std_range_check.pil
  > require /data/eric/venus/state-machines/mem/pil/mem_align.pil
  > require /data/eric/venus/state-machines/mem/pil/mem_align_rom.pil
  > require /data/eric/venus/state-machines/mem/pil/mem_align_byte.pil
  > require /data/eric/venus/state-machines/frequent-ops/pil/frequent_ops.pil
  > require /data/eric/venus/state-machines/binary/pil/binary.pil
  > require /data/eric/venus/state-machines/binary/pil/binary_table.pil
  > require /data/eric/venus/state-machines/binary/pil/binary_extension.pil
  > require /data/eric/venus/state-machines/binary/pil/binary_extension_table.pil
  > require /data/eric/venus/state-machines/binary/pil/binary_add.pil
  > require /data/eric/venus/state-machines/arith/pil/arith.pil
  > require /data/eric/venus/state-machines/arith/pil/arith_table.pil
  > require /data/eric/venus/state-machines/arith/pil/arith_range_table.pil
  > require /data/eric/venus/precompiles/big_int/pil/big_int_add.pil
  > require /data/eric/venus/precompiles/arith_eq/pil/arith_eq.pil
  > require /data/eric/venus/precompiles/arith_eq/pil/arith_eq_lt_table.pil
  > include /data/eric/venus/precompiles/arith_eq/pil/equations/arith256.pil
  > include /data/eric/venus/precompiles/arith_eq/pil/equations/arith256_mod.pil
  > include /data/eric/venus/precompiles/arith_eq/pil/equations/secp256k1_add.pil
  > include /data/eric/venus/precompiles/arith_eq/pil/equations/secp256k1_dbl.pil
  > include /data/eric/venus/precompiles/arith_eq/pil/equations/secp256k1_x3.pil
  > include /data/eric/venus/precompiles/arith_eq/pil/equations/secp256k1_y3.pil
  > include /data/eric/venus/precompiles/arith_eq/pil/equations/bn254_curve_add.pil
  > include /data/eric/venus/precompiles/arith_eq/pil/equations/bn254_curve_dbl.pil
  > include /data/eric/venus/precompiles/arith_eq/pil/equations/bn254_curve_x3.pil
  > include /data/eric/venus/precompiles/arith_eq/pil/equations/bn254_curve_y3.pil
  > include /data/eric/venus/precompiles/arith_eq/pil/equations/bn254_complex_add_x3.pil
  > include /data/eric/venus/precompiles/arith_eq/pil/equations/bn254_complex_add_y3.pil
  > include /data/eric/venus/precompiles/arith_eq/pil/equations/bn254_complex_sub_x3.pil
  > include /data/eric/venus/precompiles/arith_eq/pil/equations/bn254_complex_sub_y3.pil
  > include /data/eric/venus/precompiles/arith_eq/pil/equations/bn254_complex_mul_x3.pil
  > include /data/eric/venus/precompiles/arith_eq/pil/equations/bn254_complex_mul_y3.pil
  > include /data/eric/venus/precompiles/arith_eq/pil/equations/secp256r1_add.pil
  > include /data/eric/venus/precompiles/arith_eq/pil/equations/secp256r1_dbl.pil
  > include /data/eric/venus/precompiles/arith_eq/pil/equations/secp256r1_x3.pil
  > include /data/eric/venus/precompiles/arith_eq/pil/equations/secp256r1_y3.pil
  > require /data/eric/venus/precompiles/arith_eq_384/pil/arith_eq_384.pil
  > include /data/eric/venus/precompiles/arith_eq_384/pil/equations/arith384_mod.pil
  > include /data/eric/venus/precompiles/arith_eq_384/pil/equations/bls12_381_curve_add.pil
  > include /data/eric/venus/precompiles/arith_eq_384/pil/equations/bls12_381_curve_dbl.pil
  > include /data/eric/venus/precompiles/arith_eq_384/pil/equations/bls12_381_curve_x3.pil
  > include /data/eric/venus/precompiles/arith_eq_384/pil/equations/bls12_381_curve_y3.pil
  > include /data/eric/venus/precompiles/arith_eq_384/pil/equations/bls12_381_complex_add_x3.pil
  > include /data/eric/venus/precompiles/arith_eq_384/pil/equations/bls12_381_complex_add_y3.pil
  > include /data/eric/venus/precompiles/arith_eq_384/pil/equations/bls12_381_complex_sub_x3.pil
  > include /data/eric/venus/precompiles/arith_eq_384/pil/equations/bls12_381_complex_sub_y3.pil
  > include /data/eric/venus/precompiles/arith_eq_384/pil/equations/bls12_381_complex_mul_x3.pil
  > include /data/eric/venus/precompiles/arith_eq_384/pil/equations/bls12_381_complex_mul_y3.pil
  > require /data/eric/venus/precompiles/keccakf/pil/keccakf.pil
  > require /data/eric/venus/precompiles/keccakf/pil/keccakf_table.pil
  > require /data/eric/venus/precompiles/sha256f/pil/sha256f.pil
  > require /data/eric/venus/pil2-proofman/pil2-components/lib/std/pil/std_connection.pil
  > require /data/eric/venus/precompiles/dma/pil/dma.pil
  > require /data/eric/venus/precompiles/dma/pil/dma_rom.pil
  > require /data/eric/venus/precompiles/dma/pil/dma_pre_post.pil
  > require /data/eric/venus/precompiles/dma/pil/dma_pre_post_table.pil
  > require /data/eric/venus/precompiles/dma/pil/dma_byte_cmp_table.pil
  > require /data/eric/venus/precompiles/dma/pil/dma_64_aligned.pil
  > require /data/eric/venus/precompiles/dma/pil/dma_unaligned.pil
  > require /data/eric/venus/precompiles/poseidon2/pil/poseidon2.pil
  > require /data/eric/venus/precompiles/poseidon2/pil/poseidon2_constants.pil
  > require /data/eric/venus/precompiles/blake2/pil/blake2br.pil
  > Expanded to 561 top-level statements (loaded 80 files)
  > Executing program...

AIR virtual instance DualRange7Bits in airgroup Zisk
  > Witness cols: 1
  > Fixed cols: 2
  > Constraints: 0

AIR virtual instance DualByte in airgroup Zisk
  > Witness cols: 1
  > Fixed cols: 2
  > Constraints: 0

AIR instance Dma in airgroup Zisk
  > Witness cols: 37
  > Fixed cols: 1
  > Constraints: 48
  > Saving fixed file /data/eric/venus/tmp/fixed/Dma.fixed ...
  > Fixed cols written to /data/eric/venus/tmp/fixed/Dma.fixed: 1 cols, 2097152 values

AIR instance DmaMemCpy in airgroup Zisk
  > Witness cols: 25
  > Fixed cols: 1
  > Constraints: 20
  > Saving fixed file /data/eric/venus/tmp/fixed/DmaMemCpy.fixed ...
  > Fixed cols written to /data/eric/venus/tmp/fixed/DmaMemCpy.fixed: 1 cols, 2097152 values

AIR instance DmaInputCpy in airgroup Zisk
  > Witness cols: 20
  > Fixed cols: 1
  > Constraints: 18
  > Saving fixed file /data/eric/venus/tmp/fixed/DmaInputCpy.fixed ...
  > Fixed cols written to /data/eric/venus/tmp/fixed/DmaInputCpy.fixed: 1 cols, 2097152 values

AIR instance Dma64Aligned in airgroup Zisk
  > Witness cols: 46
  > Fixed cols: 1
  > Constraints: 70
  > Saving fixed file /data/eric/venus/tmp/fixed/Dma64Aligned.fixed ...
  > Fixed cols written to /data/eric/venus/tmp/fixed/Dma64Aligned.fixed: 1 cols, 2097152 values

AIR instance Dma64AlignedInputCpy in airgroup Zisk
  > Witness cols: 34
  > Fixed cols: 1
  > Constraints: 39
  > Saving fixed file /data/eric/venus/tmp/fixed/Dma64AlignedInputCpy.fixed ...
  > Fixed cols written to /data/eric/venus/tmp/fixed/Dma64AlignedInputCpy.fixed: 1 cols, 2097152 values

AIR instance Dma64AlignedMemSet in airgroup Zisk
  > Witness cols: 19
  > Fixed cols: 1
  > Constraints: 50
  > Saving fixed file /data/eric/venus/tmp/fixed/Dma64AlignedMemSet.fixed ...
  > Fixed cols written to /data/eric/venus/tmp/fixed/Dma64AlignedMemSet.fixed: 1 cols, 2097152 values

AIR instance Dma64AlignedMem in airgroup Zisk
  > Witness cols: 31
  > Fixed cols: 1
  > Constraints: 69
  > Saving fixed file /data/eric/venus/tmp/fixed/Dma64AlignedMem.fixed ...
  > Fixed cols written to /data/eric/venus/tmp/fixed/Dma64AlignedMem.fixed: 1 cols, 2097152 values

AIR instance Dma64AlignedMemCpy in airgroup Zisk
  > Witness cols: 40
  > Fixed cols: 1
  > Constraints: 62
  > Saving fixed file /data/eric/venus/tmp/fixed/Dma64AlignedMemCpy.fixed ...
  > Fixed cols written to /data/eric/venus/tmp/fixed/Dma64AlignedMemCpy.fixed: 1 cols, 2097152 values

AIR instance DmaUnaligned in airgroup Zisk
  > Witness cols: 28
  > Fixed cols: 1
  > Constraints: 69
  > Saving fixed file /data/eric/venus/tmp/fixed/DmaUnaligned.fixed ...
  > Fixed cols written to /data/eric/venus/tmp/fixed/DmaUnaligned.fixed: 1 cols, 2097152 values

AIR instance DmaPrePost in airgroup Zisk
  > Witness cols: 72
  > Fixed cols: 1
  > Constraints: 86
  > Saving fixed file /data/eric/venus/tmp/fixed/DmaPrePost.fixed ...
  > Fixed cols written to /data/eric/venus/tmp/fixed/DmaPrePost.fixed: 1 cols, 2097152 values

AIR instance DmaPrePostMemCpy in airgroup Zisk
  > Witness cols: 56
  > Fixed cols: 1
  > Constraints: 69
  > Saving fixed file /data/eric/venus/tmp/fixed/DmaPrePostMemCpy.fixed ...
  > Fixed cols written to /data/eric/venus/tmp/fixed/DmaPrePostMemCpy.fixed: 1 cols, 2097152 values

AIR instance DmaPrePostInputCpy in airgroup Zisk
  > Witness cols: 37
  > Fixed cols: 1
  > Constraints: 62
  > Saving fixed file /data/eric/venus/tmp/fixed/DmaPrePostInputCpy.fixed ...
  > Fixed cols written to /data/eric/venus/tmp/fixed/DmaPrePostInputCpy.fixed: 1 cols, 2097152 values

AIR virtual instance DmaByteCmpTable in airgroup Zisk
  > Witness cols: 1
  > Fixed cols: 3
  > Constraints: 0

AIR virtual instance DmaRom in airgroup Zisk
  > 98304 rows
  > Witness cols: 1
  > Fixed cols: 7
  > Constraints: 0

AIR virtual instance DmaPrePostTable in airgroup Zisk
  > TABLE_OFFSETS[64] = [ Int@900243[64] ]
  > DMA_PRE_POST_TABLE_SIZE=1152
  > Witness cols: 1
  > Fixed cols: 6
  > Constraints: 0

AIR instance Main in airgroup Zisk
  > Witness cols: 45
  > Fixed cols: 3
  > Constraints: 221
  > Saving fixed file /data/eric/venus/tmp/fixed/Main.fixed ...
  > Fixed cols written to /data/eric/venus/tmp/fixed/Main.fixed: 3 cols, 12582912 values

AIR instance Rom in airgroup Zisk
  > Witness cols: 2
  > Fixed cols: 1
  > Constraints: 176
  > Saving fixed file /data/eric/venus/tmp/fixed/Rom.fixed ...
  > Fixed cols written to /data/eric/venus/tmp/fixed/Rom.fixed: 1 cols, 4194304 values

AIR instance Mem in airgroup Zisk
  > Witness cols: 15
  > Fixed cols: 2
  > Constraints: 206
  > Saving fixed file /data/eric/venus/tmp/fixed/Mem.fixed ...
  > Fixed cols written to /data/eric/venus/tmp/fixed/Mem.fixed: 2 cols, 8388608 values

AIR instance RomData in airgroup Zisk
  > Witness cols: 8
  > Fixed cols: 2
  > Constraints: 204
  > Saving fixed file /data/eric/venus/tmp/fixed/RomData.fixed ...
  > Fixed cols written to /data/eric/venus/tmp/fixed/RomData.fixed: 2 cols, 4194304 values

AIR instance InputData in airgroup Zisk
  > Witness cols: 11
  > Fixed cols: 2
  > Constraints: 217
  > Saving fixed file /data/eric/venus/tmp/fixed/InputData.fixed ...
  > Fixed cols written to /data/eric/venus/tmp/fixed/InputData.fixed: 2 cols, 4194304 values

AIR instance MemAlign in airgroup Zisk
  > Witness cols: 35
  > Fixed cols: 2
  > Constraints: 239
  > Saving fixed file /data/eric/venus/tmp/fixed/MemAlign.fixed ...
  > Fixed cols written to /data/eric/venus/tmp/fixed/MemAlign.fixed: 2 cols, 4194304 values

AIR instance MemAlignByte in airgroup Zisk
  > Witness cols: 20
  > Fixed cols: 1
  > Constraints: 215
  > Saving fixed file /data/eric/venus/tmp/fixed/MemAlignByte.fixed ...
  > Fixed cols written to /data/eric/venus/tmp/fixed/MemAlignByte.fixed: 1 cols, 4194304 values

AIR instance MemAlignReadByte in airgroup Zisk
  > Witness cols: 13
  > Fixed cols: 1
  > Constraints: 211
  > Saving fixed file /data/eric/venus/tmp/fixed/MemAlignReadByte.fixed ...
  > Fixed cols written to /data/eric/venus/tmp/fixed/MemAlignReadByte.fixed: 1 cols, 4194304 values

AIR instance MemAlignWriteByte in airgroup Zisk
  > Witness cols: 18
  > Fixed cols: 1
  > Constraints: 218
  > Saving fixed file /data/eric/venus/tmp/fixed/MemAlignWriteByte.fixed ...
  > Fixed cols written to /data/eric/venus/tmp/fixed/MemAlignWriteByte.fixed: 1 cols, 4194304 values

AIR virtual instance MemAlignRom in airgroup Zisk
  > Witness cols: 1
  > Fixed cols: 6
  > Constraints: 0

AIR instance Arith in airgroup Zisk
  > Witness cols: 59
  > Fixed cols: 1
  > Constraints: 271
  > Saving fixed file /data/eric/venus/tmp/fixed/Arith.fixed ...
  > Fixed cols written to /data/eric/venus/tmp/fixed/Arith.fixed: 1 cols, 2097152 values

AIR virtual instance ArithTable in airgroup Zisk
  > ARITH_TABLE SIZE:  74
  > Witness cols: 1
  > Fixed cols: 4
  > Constraints: 0

AIR virtual instance ArithRangeTable in airgroup Zisk
  > Witness cols: 1
  > Fixed cols: 2
  > Constraints: 0

AIR virtual instance ArithFrops in airgroup Zisk
  > Loading extern fixed file state-machines/arith/src/arith_frops_fixed.bin ...
  > Witness cols: 1
  > Fixed cols: 8
  > Constraints: 0

AIR instance Binary in airgroup Zisk
  > Witness cols: 44
  > Fixed cols: 1
  > Constraints: 220
  > Saving fixed file /data/eric/venus/tmp/fixed/Binary.fixed ...
  > Fixed cols written to /data/eric/venus/tmp/fixed/Binary.fixed: 1 cols, 4194304 values

AIR instance BinaryAdd in airgroup Zisk
  > Witness cols: 13
  > Fixed cols: 1
  > Constraints: 216
  > Saving fixed file /data/eric/venus/tmp/fixed/BinaryAdd.fixed ...
  > Fixed cols written to /data/eric/venus/tmp/fixed/BinaryAdd.fixed: 1 cols, 4194304 values

AIR virtual instance BinaryTable in airgroup Zisk
  > loop progress: 1048576 iterations (14.4s)
  > loop progress: 2097152 iterations (29.3s)
  > loop progress: 3145728 iterations (44.4s)
  > loop progress: 4194304 iterations (59.2s)
  > loop progress: 5242880 iterations (73.8s)
  > Witness cols: 1
  > Fixed cols: 7
  > Constraints: 0

AIR instance BinaryExtension in airgroup Zisk
  > Witness cols: 35
  > Fixed cols: 1
  > Constraints: 216
  > Saving fixed file /data/eric/venus/tmp/fixed/BinaryExtension.fixed ...
  > Fixed cols written to /data/eric/venus/tmp/fixed/BinaryExtension.fixed: 1 cols, 4194304 values

AIR virtual instance BinaryExtensionTable in airgroup Zisk
  > loop progress: 1048576 iterations (10.1s)
  > loop progress: 2097152 iterations (20.7s)
  > loop progress: 3145728 iterations (31.2s)
  > Witness cols: 1
  > Fixed cols: 7
  > Constraints: 0

AIR virtual instance BinaryBasicFrops in airgroup Zisk
  > Loading extern fixed file state-machines/binary/src/binary_basic_frops_fixed.bin ...
  > Witness cols: 1
  > Fixed cols: 8
  > Constraints: 0

AIR virtual instance BinaryExtensionFrops in airgroup Zisk
  > Loading extern fixed file state-machines/binary/src/binary_extension_frops_fixed.bin ...
  > Witness cols: 1
  > Fixed cols: 8
  > Constraints: 0

AIR instance Add256 in airgroup Zisk
  > Witness cols: 64
  > Fixed cols: 1
  > Constraints: 245
  > Saving fixed file /data/eric/venus/tmp/fixed/Add256.fixed ...
  > Fixed cols written to /data/eric/venus/tmp/fixed/Add256.fixed: 1 cols, 1048576 values

AIR instance ArithEq in airgroup Zisk
  > Witness cols: 55
  > Fixed cols: 2
  > Constraints: 310
  > Saving fixed file /data/eric/venus/tmp/fixed/ArithEq.fixed ...
  > Fixed cols written to /data/eric/venus/tmp/fixed/ArithEq.fixed: 2 cols, 2097152 values

AIR instance ArithEq384 in airgroup Zisk
  > Witness cols: 45
  > Fixed cols: 2
  > Constraints: 283
  > Saving fixed file /data/eric/venus/tmp/fixed/ArithEq384.fixed ...
  > Fixed cols written to /data/eric/venus/tmp/fixed/ArithEq384.fixed: 2 cols, 2097152 values

AIR virtual instance ArithEqLtTable in airgroup Zisk
  > Witness cols: 1
  > Fixed cols: 2
  > Constraints: 0

AIR instance Keccakf in airgroup Zisk
  > The total number of Keccak-f's is 5241
  > Witness cols: 2163
  > Fixed cols: 2
  > Constraints: 1840
  > Saving fixed file /data/eric/venus/tmp/fixed/Keccakf.fixed ...
  > Fixed cols written to /data/eric/venus/tmp/fixed/Keccakf.fixed: 2 cols, 262144 values

AIR virtual instance KeccakfTable in airgroup Zisk
  > loop progress: 1048576 iterations (8.5s)
  > loop progress: 2097152 iterations (16.9s)
  > Witness cols: 1
  > Fixed cols: 4
  > Constraints: 0

AIR instance Sha256f in airgroup Zisk
  > The total number of Sha256-f's is 3639
  > Witness cols: 105
  > Fixed cols: 2
  > Constraints: 320
  > Saving fixed file /data/eric/venus/tmp/fixed/Sha256f.fixed ...
  > Fixed cols written to /data/eric/venus/tmp/fixed/Sha256f.fixed: 2 cols, 524288 values

AIR instance Poseidon2 in airgroup Zisk
  > Witness cols: 40
  > Fixed cols: 2
  > Constraints: 219
  > Saving fixed file /data/eric/venus/tmp/fixed/Poseidon2.fixed ...
  > Fixed cols written to /data/eric/venus/tmp/fixed/Poseidon2.fixed: 2 cols, 262144 values

AIR instance Blake2br in airgroup Zisk
  > Blake2br capacity: 10921 rounds (N=262144)
  > Witness cols: 168
  > Fixed cols: 3
  > Constraints: 376
  > Saving fixed file /data/eric/venus/tmp/fixed/Blake2br.fixed ...
  > Fixed cols written to /data/eric/venus/tmp/fixed/Blake2br.fixed: 3 cols, 786432 values

AIR instance SpecifiedRanges in airgroup Zisk
  > Witness cols: 44
  > Fixed cols: 67
  > Constraints: 258
  > Saving fixed file /data/eric/venus/tmp/fixed/SpecifiedRanges.fixed ...
  > Fixed cols written to /data/eric/venus/tmp/fixed/SpecifiedRanges.fixed: 67 cols, 70254592 values

AIR instance VirtualTable0 in airgroup Zisk
  > VirtualTable0 instantiated with: N=2^21, #Fixed=51, #Witness=8
  > Table composition (total height of 16409009):
  >    - Table 330 with height=4194304 and width=2
  >    - Table 5002 with height=262144 and width=2
  >    - Table 88 with height=65536 and width=2
  >    - Table 77 with height=16384 and width=2
  >    - Table 8003 with height=65280 and width=3
  >    - Table 126 with height=3048625 and width=4
  >    - Table 331 with height=128 and width=4
  >    - Table 8002 with height=1152 and width=6
  >    - Table 133 with height=256 and width=6
  >    - Table 125 with height=5505024 and width=7
  >    - Table 124 with height=3151872 and width=7
  >    - Table 8001 with height=98304 and width=7
  > Witness cols: 13
  > Fixed cols: 52
  > Constraints: 248
  > Saving fixed file /data/eric/venus/tmp/fixed/VirtualTable0.fixed ...
  > Fixed cols written to /data/eric/venus/tmp/fixed/VirtualTable0.fixed: 52 cols, 109051904 values

AIR instance VirtualTable1 in airgroup Zisk
  > VirtualTable1 instantiated with: N=2^21, #Fixed=72, #Witness=8
  > Table composition (total height of 16777216):
  >    - Table 5010 with height=2085944 and width=8
  >    - Table 5011 with height=13084068 and width=8
  >    - Table 5012 with height=1607204 and width=8
  > Witness cols: 13
  > Fixed cols: 73
  > Constraints: 248
  > Saving fixed file /data/eric/venus/tmp/fixed/VirtualTable1.fixed ...
  > Fixed cols written to /data/eric/venus/tmp/fixed/VirtualTable1.fixed: 73 cols, 153092096 values
  > Range check stats:
  >  - [0, 16777215]: 59 times
  >  - [0, 65535]: 70 times
  >  - [0, 4194303]: 12 times
  >  - [0, 127]: 1 time
  >  - [0, 16383]: 1 time
  >  - [0, 255]: 10 times
  >  - [-4194303, 4194304]: 12 times
  >  - [0, 7]: 2 times
  > Total compilation: 210883.24ms
  > Compilation complete: /data/eric/venus/pil/zisk.pilout
  > Proto: 1 air groups, 29846 symbols, 6424 hints, 6018 global expressions, 1 global constraints, 224006 air expressions, 7839 air constraints
  > Proto encoded size: 5984459 bytes
  > Proto written to /data/eric/venus/pil/zisk.pilout
cargo run --release --bin venus-setup -- \
	-a "/data/eric/venus/pil/zisk.pilout" -b "/data/eric/venus/build" \
	-t "/data/eric/venus/pil2-proofman/pil2-components/lib/std/pil" \
	-u "/data/eric/venus/tmp/fixed" -r -s "/data/eric/venus/state-machines/starkstructs.json"
warning: unused import: `RuntimeUnaryOp`
   --> pil2-compiler-rust/src/processor/builtins.rs:349:65
    |
349 |     use super::expression::{ColRefKind, RuntimeExpr, RuntimeOp, RuntimeUnaryOp};
    |                                                                 ^^^^^^^^^^^^^^
    |
    = note: `#[warn(unused_imports)]` (part of `#[warn(unused)]`) on by default

warning: unused import: `Expr`
 --> pil2-compiler-rust/src/processor/expression.rs:8:33
  |
8 | use crate::parser::ast::{BinOp, Expr, NumericLiteral, NumericRadix, UnaryOp};
  |                                 ^^^^

warning: unused imports: `NamespaceContext` and `Scope`
 --> pil2-compiler-rust/src/processor/references.rs:8:22
  |
8 | use super::context::{NamespaceContext, Scope};
  |                      ^^^^^^^^^^^^^^^^  ^^^^^

warning: unused import: `super::expression::Value`
 --> pil2-compiler-rust/src/processor/references.rs:9:5
  |
9 | use super::expression::Value;
  |     ^^^^^^^^^^^^^^^^^^^^^^^^

warning: unused import: `std::collections::HashMap`
 --> pil2-compiler-rust/src/processor/variables.rs:7:5
  |
7 | use std::collections::HashMap;
  |     ^^^^^^^^^^^^^^^^^^^^^^^^^

warning: unused imports: `AirGroup` and `AirInfo`
  --> pil2-compiler-rust/src/processor/mod.rs:25:11
   |
25 | use air::{AirGroup, AirGroups, AirInfo, AirTemplateInfo, AirTemplates};
   |           ^^^^^^^^             ^^^^^^^

warning: variable does not need to be mutable
   --> pil2-compiler-rust/src/processor/ids.rs:115:17
    |
115 |             let mut d = data.clone();
    |                 ----^
    |                 |
    |                 help: remove this `mut`
    |
    = note: `#[warn(unused_mut)]` (part of `#[warn(unused)]`) on by default

warning: function `build_left_assoc_binop` is never used
    --> pil2-compiler-rust/src/parser/mod.rs:1717:4
     |
1717 | fn build_left_assoc_binop(pairs: Vec<pest::iterators::Pair<'_, Rule>>, build_operand: fn(pest::iterators::Pair<'_, Rule>) -> Resul...
     |    ^^^^^^^^^^^^^^^^^^^^^^
     |
     = note: `#[warn(dead_code)]` (part of `#[warn(unused)]`) on by default

warning: fields `name` and `source` are never read
   --> pil2-compiler-rust/src/processor/mod.rs:158:5
    |
157 | struct CallStackEntry {
    |        -------------- fields in this struct
158 |     name: String,
    |     ^^^^
159 |     source: String,
    |     ^^^^^^
    |
    = note: `CallStackEntry` has derived impls for the traits `Clone` and `Debug`, but these are intentionally ignored during dead code analysis

warning: field `source_refs` is never read
   --> pil2-compiler-rust/src/processor/mod.rs:166:5
    |
163 | struct DeferredCallInfo {
    |        ---------------- field in this struct
...
166 |     source_refs: Vec<String>,
    |     ^^^^^^^^^^^
    |
    = note: `DeferredCallInfo` has derived impls for the traits `Clone` and `Debug`, but these are intentionally ignored during dead code analysis

warning: field `bytes` is never read
   --> pil2-compiler-rust/src/processor/mod.rs:176:5
    |
175 | struct PragmaNextFixed {
    |        --------------- field in this struct
176 |     bytes: Option<u32>,
    |     ^^^^^
    |
    = note: `PragmaNextFixed` has derived impls for the traits `Clone` and `Debug`, but these are intentionally ignored during dead code analysis

warning: constant `MAX_SWITCH_CASE_RANGE` is never used
   --> pil2-compiler-rust/src/processor/mod.rs:183:7
    |
183 | const MAX_SWITCH_CASE_RANGE: i128 = 512;
    |       ^^^^^^^^^^^^^^^^^^^^^

warning: constant `REF_TYPE_PUBLIC_TABLE` is never used
  --> pil2-compiler-rust/src/proto_out.rs:34:7
   |
34 | const REF_TYPE_PUBLIC_TABLE: i32 = 7;
   |       ^^^^^^^^^^^^^^^^^^^^^

warning: fields `witness_id_to_proto`, `fixed_id_to_proto`, `custom_id_to_proto`, and `air_value_id_to_proto` are never read
  --> pil2-compiler-rust/src/proto_out.rs:66:5
   |
63 | pub struct ProtoOutBuilder<'a> {
   |            --------------- fields in this struct
...
66 |     witness_id_to_proto: Vec<(u32, u32)>,
   |     ^^^^^^^^^^^^^^^^^^^
67 |     /// Maps internal fixed column IDs to (type='F'|'P', proto_index).
68 |     fixed_id_to_proto: Vec<(char, u32)>,
   |     ^^^^^^^^^^^^^^^^^
69 |     /// Maps internal custom column IDs to (stage, proto_index, commit_id).
70 |     custom_id_to_proto: Vec<(u32, u32, u32)>,
   |     ^^^^^^^^^^^^^^^^^^
71 |     /// Maps internal air value IDs to (stage, proto_index, air_group_id, air_id).
72 |     air_value_id_to_proto: Vec<(u32, u32, u32, u32)>,
   |     ^^^^^^^^^^^^^^^^^^^^^

warning: eliding a lifetime that's named elsewhere is confusing
   --> pil2-compiler-rust/src/processor/references.rs:435:32
    |
433 |         &'a self,
    |          -- the lifetime is named here
434 |         types: &'a [RefType],
    |                 -- the lifetime is named here
435 |     ) -> impl Iterator<Item = (&String, &Reference)> + 'a {
    |                                ^^^^^^^  ^^^^^^^^^^     -- the same lifetime is named here
    |                                |        |
    |                                |        the same lifetime is elided here
    |                                the same lifetime is elided here
    |
    = help: the same lifetime is referred to in inconsistent ways, making the signature confusing
    = note: `#[warn(mismatched_lifetime_syntaxes)]` on by default
help: consistently use `'a`
    |
435 |     ) -> impl Iterator<Item = (&'a String, &'a Reference)> + 'a {
    |                                 ++          ++

warning: `pil2-compiler-rust` (lib) generated 15 warnings (run `cargo fix --lib -p pil2-compiler-rust` to apply 8 suggestions)
warning: unused imports: `PathBuf` and `Path`
 --> pil2-stark-setup/src/compressor_check.rs:8:17
  |
8 | use std::path::{Path, PathBuf};
  |                 ^^^^  ^^^^^^^
  |
  = note: `#[warn(unused_imports)]` (part of `#[warn(unused)]`) on by default

warning: unused variable: `agg_types`
  --> pil2-stark-setup/src/final_setup.rs:66:9
   |
66 |     let agg_types = config
   |         ^^^^^^^^^ help: if this is intentional, prefix it with an underscore: `_agg_types`
   |
   = note: `#[warn(unused_variables)]` (part of `#[warn(unused)]`) on by default

warning: unused variable: `i`
  --> pil2-stark-setup/src/final_setup.rs:91:10
   |
91 |     for (i, ag_name) in air_groups.iter().enumerate() {
   |          ^ help: if this is intentional, prefix it with an underscore: `_i`

warning: `pil2-stark-setup` (lib) generated 3 warnings (run `cargo fix --lib -p pil2-stark-setup` to apply 3 suggestions)
    Finished `release` profile [optimized] target(s) in 0.11s
     Running `target/release/venus-setup -a /data/eric/venus/pil/zisk.pilout -b /data/eric/venus/build -t /data/eric/venus/pil2-proofman/pil2-components/lib/std/pil -u /data/eric/venus/tmp/fixed -r -s /data/eric/venus/state-machines/starkstructs.json`
> Writing the global constraints file finished
---------------------------------------------
------------------------- AIR INFO -------------------------
Columns fixed: 1 -> Columns in the basefield: 1
Columns stage 1: 25 -> Columns in the basefield: 25
Columns stage 2: 11 (2 intermediate polynomials) -> Columns in the basefield: 29 (2 from intermediate polynomials)
Columns stage Q: 1 -> Columns in the basefield: 3
Total Columns: 37 -> Columns in the basefield: 57
Total Constraints: 41
Number of opening points: 2
Prover memory: 2.84 GB
------------------------------------------------------------
SUMMARY | Dma64AlignedInputCpy | nBits: 21 | blowUpFactor: 1 | maxConstraintDegree: 2 | Fixed: 1 | Stage1: 25 | Stage2: 29 | StageQ: 3 | ImPols: 2 => 2 = 2 + 0 | Total: 57 | nConstraints: 41 | nOpeningPoints: 2| Prover memory: 2.84 GB
------------------------------------------------------------
------------------------- AIR INFO -------------------------
Columns fixed: 1 -> Columns in the basefield: 1
Columns stage 1: 20 -> Columns in the basefield: 20
Columns stage 2: 6 (1 intermediate polynomials) -> Columns in the basefield: 18 (3 from intermediate polynomials)
Columns stage Q: 1 -> Columns in the basefield: 3
Total Columns: 27 -> Columns in the basefield: 41
Total Constraints: 21
Number of opening points: 2
Prover memory: 2.34 GB
------------------------------------------------------------
SUMMARY | DmaMemCpy | nBits: 21 | blowUpFactor: 1 | maxConstraintDegree: 2 | Fixed: 1 | Stage1: 20 | Stage2: 18 | StageQ: 3 | ImPols: 1 => 3 = 0 + 3 | Total: 41 | nConstraints: 21 | nOpeningPoints: 2| Prover memory: 2.34 GB
------------------------------------------------------------
------------------------- AIR INFO -------------------------
Columns fixed: 1 -> Columns in the basefield: 1
Columns stage 1: 14 -> Columns in the basefield: 14
Columns stage 2: 7 (2 intermediate polynomials) -> Columns in the basefield: 17 (2 from intermediate polynomials)
Columns stage Q: 1 -> Columns in the basefield: 3
Total Columns: 22 -> Columns in the basefield: 34
Total Constraints: 52
Number of opening points: 2
Prover memory: 2.13 GB
------------------------------------------------------------
SUMMARY | Dma64AlignedMemSet | nBits: 21 | blowUpFactor: 1 | maxConstraintDegree: 2 | Fixed: 1 | Stage1: 14 | Stage2: 17 | StageQ: 3 | ImPols: 2 => 2 = 2 + 0 | Total: 34 | nConstraints: 52 | nOpeningPoints: 2| Prover memory: 2.13 GB
------------------------------------------------------------
------------------------- AIR INFO -------------------------
Columns fixed: 1 -> Columns in the basefield: 1
Columns stage 1: 26 -> Columns in the basefield: 26
Columns stage 2: 5 (0 intermediate polynomials) -> Columns in the basefield: 15 (0 from intermediate polynomials)
Columns stage Q: 2 -> Columns in the basefield: 6
Total Columns: 33 -> Columns in the basefield: 47
Total Constraints: 69
Number of opening points: 2
Prover memory: 2.53 GB
------------------------------------------------------------
SUMMARY | Dma64AlignedMem | nBits: 21 | blowUpFactor: 1 | maxConstraintDegree: 3 | Fixed: 1 | Stage1: 26 | Stage2: 15 | StageQ: 6 | ImPols: 0 => 0 = 0 + 0 | Total: 47 | nConstraints: 69 | nOpeningPoints: 2| Prover memory: 2.53 GB
------------------------------------------------------------
------------------------- AIR INFO -------------------------
Columns fixed: 1 -> Columns in the basefield: 1
Columns stage 1: 32 -> Columns in the basefield: 32
Columns stage 2: 6 (1 intermediate polynomials) -> Columns in the basefield: 18 (3 from intermediate polynomials)
Columns stage Q: 1 -> Columns in the basefield: 3
Total Columns: 39 -> Columns in the basefield: 53
Total Constraints: 49
Number of opening points: 2
Prover memory: 2.72 GB
------------------------------------------------------------
SUMMARY | Dma | nBits: 21 | blowUpFactor: 1 | maxConstraintDegree: 2 | Fixed: 1 | Stage1: 32 | Stage2: 18 | StageQ: 3 | ImPols: 1 => 3 = 0 + 3 | Total: 53 | nConstraints: 49 | nOpeningPoints: 2| Prover memory: 2.72 GB
------------------------------------------------------------
------------------------- AIR INFO -------------------------
Columns fixed: 1 -> Columns in the basefield: 1
Columns stage 1: 55 -> Columns in the basefield: 55
Columns stage 2: 1 (0 intermediate polynomials) -> Columns in the basefield: 3 (0 from intermediate polynomials)
Columns stage Q: 1 -> Columns in the basefield: 3
Total Columns: 57 -> Columns in the basefield: 61
Total Constraints: 69
Number of opening points: 2
Prover memory: 3.35 GB
------------------------------------------------------------
SUMMARY | DmaPrePostMemCpy | nBits: 21 | blowUpFactor: 1 | maxConstraintDegree: 2 | Fixed: 1 | Stage1: 55 | Stage2: 3 | StageQ: 3 | ImPols: 0 => 0 = 0 + 0 | Total: 61 | nConstraints: 69 | nOpeningPoints: 2| Prover memory: 3.35 GB
------------------------------------------------------------
------------------------- AIR INFO -------------------------
Columns fixed: 1 -> Columns in the basefield: 1
Columns stage 1: 32 -> Columns in the basefield: 32
Columns stage 2: 5 (0 intermediate polynomials) -> Columns in the basefield: 15 (0 from intermediate polynomials)
Columns stage Q: 1 -> Columns in the basefield: 3
Total Columns: 38 -> Columns in the basefield: 50
Total Constraints: 62
Number of opening points: 2
Prover memory: 2.63 GB
------------------------------------------------------------
SUMMARY | DmaPrePostInputCpy | nBits: 21 | blowUpFactor: 1 | maxConstraintDegree: 2 | Fixed: 1 | Stage1: 32 | Stage2: 15 | StageQ: 3 | ImPols: 0 => 0 = 0 + 0 | Total: 50 | nConstraints: 62 | nOpeningPoints: 2| Prover memory: 2.63 GB
------------------------------------------------------------
------------------------- AIR INFO -------------------------
Columns fixed: 2 -> Columns in the basefield: 2
Columns stage 1: 35 -> Columns in the basefield: 35
Columns stage 2: 5 (0 intermediate polynomials) -> Columns in the basefield: 15 (0 from intermediate polynomials)
Columns stage Q: 2 -> Columns in the basefield: 6
Total Columns: 42 -> Columns in the basefield: 56
Total Constraints: 219
Number of opening points: 12
Prover memory: 0.36 GB
------------------------------------------------------------
SUMMARY | Poseidon2 | nBits: 17 | blowUpFactor: 2 | maxConstraintDegree: 3 | Fixed: 2 | Stage1: 35 | Stage2: 15 | StageQ: 6 | ImPols: 0 => 0 = 0 + 0 | Total: 56 | nConstraints: 219 | nOpeningPoints: 12| Prover memory: 0.36 GB
------------------------------------------------------------
------------------------- AIR INFO -------------------------
Columns fixed: 1 -> Columns in the basefield: 1
Columns stage 1: 35 -> Columns in the basefield: 35
Columns stage 2: 13 (2 intermediate polynomials) -> Columns in the basefield: 35 (2 from intermediate polynomials)
Columns stage Q: 1 -> Columns in the basefield: 3
Total Columns: 49 -> Columns in the basefield: 73
Total Constraints: 72
Number of opening points: 2
Prover memory: 3.34 GB
------------------------------------------------------------
SUMMARY | Dma64Aligned | nBits: 21 | blowUpFactor: 1 | maxConstraintDegree: 2 | Fixed: 1 | Stage1: 35 | Stage2: 35 | StageQ: 3 | ImPols: 2 => 2 = 2 + 0 | Total: 73 | nConstraints: 72 | nOpeningPoints: 2| Prover memory: 3.34 GB
------------------------------------------------------------
------------------------- AIR INFO -------------------------
Columns fixed: 1 -> Columns in the basefield: 1
Columns stage 1: 24 -> Columns in the basefield: 24
Columns stage 2: 4 (0 intermediate polynomials) -> Columns in the basefield: 12 (0 from intermediate polynomials)
Columns stage Q: 2 -> Columns in the basefield: 6
Total Columns: 30 -> Columns in the basefield: 42
Total Constraints: 69
Number of opening points: 2
Prover memory: 2.38 GB
------------------------------------------------------------
SUMMARY | DmaUnaligned | nBits: 21 | blowUpFactor: 1 | maxConstraintDegree: 3 | Fixed: 1 | Stage1: 24 | Stage2: 12 | StageQ: 6 | ImPols: 0 => 0 = 0 + 0 | Total: 42 | nConstraints: 69 | nOpeningPoints: 2| Prover memory: 2.38 GB
------------------------------------------------------------
------------------------- AIR INFO -------------------------
Columns fixed: 1 -> Columns in the basefield: 1
Columns stage 1: 15 -> Columns in the basefield: 15
Columns stage 2: 6 (1 intermediate polynomials) -> Columns in the basefield: 18 (3 from intermediate polynomials)
Columns stage Q: 1 -> Columns in the basefield: 3
Total Columns: 22 -> Columns in the basefield: 36
Total Constraints: 19
Number of opening points: 2
Prover memory: 2.19 GB
------------------------------------------------------------
SUMMARY | DmaInputCpy | nBits: 21 | blowUpFactor: 1 | maxConstraintDegree: 2 | Fixed: 1 | Stage1: 15 | Stage2: 18 | StageQ: 3 | ImPols: 1 => 3 = 0 + 3 | Total: 36 | nConstraints: 19 | nOpeningPoints: 2| Prover memory: 2.19 GB
------------------------------------------------------------
------------------------- AIR INFO -------------------------
Columns fixed: 2 -> Columns in the basefield: 2
Columns stage 1: 6 -> Columns in the basefield: 6
Columns stage 2: 3 (1 intermediate polynomials) -> Columns in the basefield: 9 (3 from intermediate polynomials)
Columns stage Q: 1 -> Columns in the basefield: 3
Total Columns: 10 -> Columns in the basefield: 18
Total Constraints: 205
Number of opening points: 2
Prover memory: 1.67 GB
------------------------------------------------------------
SUMMARY | RomData | nBits: 21 | blowUpFactor: 1 | maxConstraintDegree: 2 | Fixed: 2 | Stage1: 6 | Stage2: 9 | StageQ: 3 | ImPols: 1 => 3 = 0 + 3 | Total: 18 | nConstraints: 205 | nOpeningPoints: 2| Prover memory: 1.67 GB
------------------------------------------------------------
------------------------- AIR INFO -------------------------
Columns fixed: 1 -> Columns in the basefield: 1
Columns stage 1: 1 -> Columns in the basefield: 1
Columns stage 2: 1 (0 intermediate polynomials) -> Columns in the basefield: 3 (0 from intermediate polynomials)
Columns stage Q: 0 -> Columns in the basefield: 0
Total Columns: 2 -> Columns in the basefield: 4
Total Constraints: 176
Number of opening points: 2
Prover memory: 3.74 GB
------------------------------------------------------------
SUMMARY | Rom | nBits: 22 | blowUpFactor: 1 | maxConstraintDegree: 1 | Fixed: 1 | Stage1: 1 | Stage2: 3 | StageQ: 0 | ImPols: 0 => 0 = 0 + 0 | Total: 4 | nConstraints: 176 | nOpeningPoints: 2| Prover memory: 3.74 GB
------------------------------------------------------------
------------------------- AIR INFO -------------------------
Columns fixed: 1 -> Columns in the basefield: 1
Columns stage 1: 10 -> Columns in the basefield: 10
Columns stage 2: 3 (0 intermediate polynomials) -> Columns in the basefield: 9 (0 from intermediate polynomials)
Columns stage Q: 2 -> Columns in the basefield: 6
Total Columns: 15 -> Columns in the basefield: 25
Total Constraints: 211
Number of opening points: 2
Prover memory: 3.69 GB
------------------------------------------------------------
SUMMARY | MemAlignReadByte | nBits: 22 | blowUpFactor: 1 | maxConstraintDegree: 3 | Fixed: 1 | Stage1: 10 | Stage2: 9 | StageQ: 6 | ImPols: 0 => 0 = 0 + 0 | Total: 25 | nConstraints: 211 | nOpeningPoints: 2| Prover memory: 3.69 GB
------------------------------------------------------------
------------------------- AIR INFO -------------------------
Columns fixed: 1 -> Columns in the basefield: 1
Columns stage 1: 47 -> Columns in the basefield: 47
Columns stage 2: 17 (0 intermediate polynomials) -> Columns in the basefield: 51 (0 from intermediate polynomials)
Columns stage Q: 1 -> Columns in the basefield: 3
Total Columns: 65 -> Columns in the basefield: 101
Total Constraints: 245
Number of opening points: 2
Prover memory: 2.11 GB
------------------------------------------------------------
SUMMARY | Add256 | nBits: 20 | blowUpFactor: 1 | maxConstraintDegree: 2 | Fixed: 1 | Stage1: 47 | Stage2: 51 | StageQ: 3 | ImPols: 0 => 0 = 0 + 0 | Total: 101 | nConstraints: 245 | nOpeningPoints: 2| Prover memory: 2.11 GB
------------------------------------------------------------
------------------------- AIR INFO -------------------------
Columns fixed: 2 -> Columns in the basefield: 2
Columns stage 1: 9 -> Columns in the basefield: 9
Columns stage 2: 2 (0 intermediate polynomials) -> Columns in the basefield: 6 (0 from intermediate polynomials)
Columns stage Q: 1 -> Columns in the basefield: 3
Total Columns: 12 -> Columns in the basefield: 18
Total Constraints: 217
Number of opening points: 2
Prover memory: 1.67 GB
------------------------------------------------------------
SUMMARY | InputData | nBits: 21 | blowUpFactor: 1 | maxConstraintDegree: 2 | Fixed: 2 | Stage1: 9 | Stage2: 6 | StageQ: 3 | ImPols: 0 => 0 = 0 + 0 | Total: 18 | nConstraints: 217 | nOpeningPoints: 2| Prover memory: 1.67 GB
------------------------------------------------------------
------------------------- AIR INFO -------------------------
Columns fixed: 1 -> Columns in the basefield: 1
Columns stage 1: 66 -> Columns in the basefield: 66
Columns stage 2: 6 (0 intermediate polynomials) -> Columns in the basefield: 18 (0 from intermediate polynomials)
Columns stage Q: 2 -> Columns in the basefield: 6
Total Columns: 74 -> Columns in the basefield: 90
Total Constraints: 86
Number of opening points: 2
Prover memory: 4.10 GB
------------------------------------------------------------
SUMMARY | DmaPrePost | nBits: 21 | blowUpFactor: 1 | maxConstraintDegree: 3 | Fixed: 1 | Stage1: 66 | Stage2: 18 | StageQ: 6 | ImPols: 0 => 0 = 0 + 0 | Total: 90 | nConstraints: 86 | nOpeningPoints: 2| Prover memory: 4.10 GB
------------------------------------------------------------
------------------------- AIR INFO -------------------------
Columns fixed: 2 -> Columns in the basefield: 2
Columns stage 1: 29 -> Columns in the basefield: 29
Columns stage 2: 6 (0 intermediate polynomials) -> Columns in the basefield: 18 (0 from intermediate polynomials)
Columns stage Q: 1 -> Columns in the basefield: 3
Total Columns: 36 -> Columns in the basefield: 50
Total Constraints: 239
Number of opening points: 2
Prover memory: 2.67 GB
------------------------------------------------------------
SUMMARY | MemAlign | nBits: 21 | blowUpFactor: 1 | maxConstraintDegree: 2 | Fixed: 2 | Stage1: 29 | Stage2: 18 | StageQ: 3 | ImPols: 0 => 0 = 0 + 0 | Total: 50 | nConstraints: 239 | nOpeningPoints: 2| Prover memory: 2.67 GB
------------------------------------------------------------
------------------------- AIR INFO -------------------------
Columns fixed: 1 -> Columns in the basefield: 1
Columns stage 1: 16 -> Columns in the basefield: 16
Columns stage 2: 4 (0 intermediate polynomials) -> Columns in the basefield: 12 (0 from intermediate polynomials)
Columns stage Q: 2 -> Columns in the basefield: 6
Total Columns: 22 -> Columns in the basefield: 34
Total Constraints: 215
Number of opening points: 2
Prover memory: 4.25 GB
------------------------------------------------------------
SUMMARY | MemAlignByte | nBits: 22 | blowUpFactor: 1 | maxConstraintDegree: 3 | Fixed: 1 | Stage1: 16 | Stage2: 12 | StageQ: 6 | ImPols: 0 => 0 = 0 + 0 | Total: 34 | nConstraints: 215 | nOpeningPoints: 2| Prover memory: 4.25 GB
------------------------------------------------------------
------------------------- AIR INFO -------------------------
Columns fixed: 1 -> Columns in the basefield: 1
Columns stage 1: 14 -> Columns in the basefield: 14
Columns stage 2: 4 (0 intermediate polynomials) -> Columns in the basefield: 12 (0 from intermediate polynomials)
Columns stage Q: 2 -> Columns in the basefield: 6
Total Columns: 20 -> Columns in the basefield: 32
Total Constraints: 218
Number of opening points: 2
Prover memory: 4.13 GB
------------------------------------------------------------
SUMMARY | MemAlignWriteByte | nBits: 22 | blowUpFactor: 1 | maxConstraintDegree: 3 | Fixed: 1 | Stage1: 14 | Stage2: 12 | StageQ: 6 | ImPols: 0 => 0 = 0 + 0 | Total: 32 | nConstraints: 218 | nOpeningPoints: 2| Prover memory: 4.13 GB
------------------------------------------------------------
------------------------- AIR INFO -------------------------
Columns fixed: 1 -> Columns in the basefield: 1
Columns stage 1: 29 -> Columns in the basefield: 29
Columns stage 2: 7 (1 intermediate polynomials) -> Columns in the basefield: 21 (3 from intermediate polynomials)
Columns stage Q: 1 -> Columns in the basefield: 3
Total Columns: 37 -> Columns in the basefield: 53
Total Constraints: 217
Number of opening points: 2
Prover memory: 5.44 GB
------------------------------------------------------------
SUMMARY | BinaryExtension | nBits: 22 | blowUpFactor: 1 | maxConstraintDegree: 2 | Fixed: 1 | Stage1: 29 | Stage2: 21 | StageQ: 3 | ImPols: 1 => 3 = 0 + 3 | Total: 53 | nConstraints: 217 | nOpeningPoints: 2| Prover memory: 5.44 GB
------------------------------------------------------------
------------------------- AIR INFO -------------------------
Columns fixed: 1 -> Columns in the basefield: 1
Columns stage 1: 10 -> Columns in the basefield: 10
Columns stage 2: 3 (0 intermediate polynomials) -> Columns in the basefield: 9 (0 from intermediate polynomials)
Columns stage Q: 1 -> Columns in the basefield: 3
Total Columns: 14 -> Columns in the basefield: 22
Total Constraints: 216
Number of opening points: 2
Prover memory: 3.50 GB
------------------------------------------------------------
SUMMARY | BinaryAdd | nBits: 22 | blowUpFactor: 1 | maxConstraintDegree: 2 | Fixed: 1 | Stage1: 10 | Stage2: 9 | StageQ: 3 | ImPols: 0 => 0 = 0 + 0 | Total: 22 | nConstraints: 216 | nOpeningPoints: 2| Prover memory: 3.50 GB
------------------------------------------------------------
------------------------- AIR INFO -------------------------
Columns fixed: 2 -> Columns in the basefield: 2
Columns stage 1: 13 -> Columns in the basefield: 13
Columns stage 2: 2 (0 intermediate polynomials) -> Columns in the basefield: 6 (0 from intermediate polynomials)
Columns stage Q: 1 -> Columns in the basefield: 3
Total Columns: 16 -> Columns in the basefield: 22
Total Constraints: 206
Number of opening points: 2
Prover memory: 3.60 GB
------------------------------------------------------------
SUMMARY | Mem | nBits: 22 | blowUpFactor: 1 | maxConstraintDegree: 2 | Fixed: 2 | Stage1: 13 | Stage2: 6 | StageQ: 3 | ImPols: 0 => 0 = 0 + 0 | Total: 22 | nConstraints: 206 | nOpeningPoints: 2| Prover memory: 3.60 GB
------------------------------------------------------------
------------------------- AIR INFO -------------------------
Columns fixed: 1 -> Columns in the basefield: 1
Columns stage 1: 39 -> Columns in the basefield: 39
Columns stage 2: 5 (0 intermediate polynomials) -> Columns in the basefield: 15 (0 from intermediate polynomials)
Columns stage Q: 1 -> Columns in the basefield: 3
Total Columns: 45 -> Columns in the basefield: 57
Total Constraints: 220
Number of opening points: 2
Prover memory: 5.69 GB
------------------------------------------------------------
SUMMARY | Binary | nBits: 22 | blowUpFactor: 1 | maxConstraintDegree: 2 | Fixed: 1 | Stage1: 39 | Stage2: 15 | StageQ: 3 | ImPols: 0 => 0 = 0 + 0 | Total: 57 | nConstraints: 220 | nOpeningPoints: 2| Prover memory: 5.69 GB
------------------------------------------------------------
------------------------- AIR INFO -------------------------
Columns fixed: 1 -> Columns in the basefield: 1
Columns stage 1: 44 -> Columns in the basefield: 44
Columns stage 2: 15 (0 intermediate polynomials) -> Columns in the basefield: 45 (0 from intermediate polynomials)
Columns stage Q: 2 -> Columns in the basefield: 6
Total Columns: 61 -> Columns in the basefield: 95
Total Constraints: 271
Number of opening points: 2
Prover memory: 4.03 GB
------------------------------------------------------------
SUMMARY | Arith | nBits: 21 | blowUpFactor: 1 | maxConstraintDegree: 3 | Fixed: 1 | Stage1: 44 | Stage2: 45 | StageQ: 6 | ImPols: 0 => 0 = 0 + 0 | Total: 95 | nConstraints: 271 | nOpeningPoints: 2| Prover memory: 4.03 GB
------------------------------------------------------------
------------------------- AIR INFO -------------------------
Columns fixed: 3 -> Columns in the basefield: 3
Columns stage 1: 38 -> Columns in the basefield: 38
Columns stage 2: 13 (6 intermediate polynomials) -> Columns in the basefield: 27 (6 from intermediate polynomials)
Columns stage Q: 2 -> Columns in the basefield: 6
Total Columns: 53 -> Columns in the basefield: 71
Total Constraints: 227
Number of opening points: 2
Prover memory: 6.75 GB
------------------------------------------------------------
SUMMARY | Main | nBits: 22 | blowUpFactor: 1 | maxConstraintDegree: 3 | Fixed: 3 | Stage1: 38 | Stage2: 27 | StageQ: 6 | ImPols: 6 => 6 = 6 + 0 | Total: 71 | nConstraints: 227 | nOpeningPoints: 2| Prover memory: 6.75 GB
------------------------------------------------------------
------------------------- AIR INFO -------------------------
Columns fixed: 2 -> Columns in the basefield: 2
Columns stage 1: 102 -> Columns in the basefield: 102
Columns stage 2: 4 (1 intermediate polynomials) -> Columns in the basefield: 12 (3 from intermediate polynomials)
Columns stage Q: 1 -> Columns in the basefield: 3
Total Columns: 107 -> Columns in the basefield: 117
Total Constraints: 321
Number of opening points: 66
Prover memory: 0.72 GB
------------------------------------------------------------
SUMMARY | Sha256f | nBits: 18 | blowUpFactor: 1 | maxConstraintDegree: 2 | Fixed: 2 | Stage1: 102 | Stage2: 12 | StageQ: 3 | ImPols: 1 => 3 = 0 + 3 | Total: 117 | nConstraints: 321 | nOpeningPoints: 66| Prover memory: 0.72 GB
------------------------------------------------------------
------------------------- AIR INFO -------------------------
Columns fixed: 67 -> Columns in the basefield: 67
Columns stage 1: 29 -> Columns in the basefield: 29
Columns stage 2: 16 (1 intermediate polynomials) -> Columns in the basefield: 48 (3 from intermediate polynomials)
Columns stage Q: 1 -> Columns in the basefield: 3
Total Columns: 46 -> Columns in the basefield: 80
Total Constraints: 259
Number of opening points: 2
Prover memory: 2.81 GB
------------------------------------------------------------
SUMMARY | SpecifiedRanges | nBits: 20 | blowUpFactor: 1 | maxConstraintDegree: 2 | Fixed: 67 | Stage1: 29 | Stage2: 48 | StageQ: 3 | ImPols: 1 => 3 = 0 + 3 | Total: 80 | nConstraints: 259 | nOpeningPoints: 2| Prover memory: 2.81 GB
------------------------------------------------------------
------------------------- AIR INFO -------------------------
Columns fixed: 3 -> Columns in the basefield: 3
Columns stage 1: 159 -> Columns in the basefield: 159
Columns stage 2: 10 (1 intermediate polynomials) -> Columns in the basefield: 30 (3 from intermediate polynomials)
Columns stage Q: 1 -> Columns in the basefield: 3
Total Columns: 170 -> Columns in the basefield: 192
Total Constraints: 377
Number of opening points: 9
Prover memory: 1.09 GB
------------------------------------------------------------
SUMMARY | Blake2br | nBits: 18 | blowUpFactor: 1 | maxConstraintDegree: 2 | Fixed: 3 | Stage1: 159 | Stage2: 30 | StageQ: 3 | ImPols: 1 => 3 = 0 + 3 | Total: 192 | nConstraints: 377 | nOpeningPoints: 9| Prover memory: 1.09 GB
------------------------------------------------------------
------------------------- AIR INFO -------------------------
Columns fixed: 2 -> Columns in the basefield: 2
Columns stage 1: 43 -> Columns in the basefield: 43
Columns stage 2: 13 (1 intermediate polynomials) -> Columns in the basefield: 37 (1 from intermediate polynomials)
Columns stage Q: 2 -> Columns in the basefield: 6
Total Columns: 58 -> Columns in the basefield: 86
Total Constraints: 311
Number of opening points: 16
Prover memory: 1.90 GB
------------------------------------------------------------
SUMMARY | ArithEq | nBits: 20 | blowUpFactor: 1 | maxConstraintDegree: 3 | Fixed: 2 | Stage1: 43 | Stage2: 37 | StageQ: 6 | ImPols: 1 => 1 = 1 + 0 | Total: 86 | nConstraints: 311 | nOpeningPoints: 16| Prover memory: 1.90 GB
------------------------------------------------------------
> Writing the chelpers file
------------------------- AIR INFO -------------------------
Columns fixed: 2 -> Columns in the basefield: 2
Columns stage 1: 33 -> Columns in the basefield: 33
Columns stage 2: 13 (1 intermediate polynomials) -> Columns in the basefield: 37 (1 from intermediate polynomials)
Columns stage Q: 2 -> Columns in the basefield: 6
Total Columns: 48 -> Columns in the basefield: 76
Total Constraints: 284
Number of opening points: 24
Prover memory: 1.74 GB
------------------------------------------------------------
SUMMARY | ArithEq384 | nBits: 20 | blowUpFactor: 1 | maxConstraintDegree: 3 | Fixed: 2 | Stage1: 33 | Stage2: 37 | StageQ: 6 | ImPols: 1 => 1 = 1 + 0 | Total: 76 | nConstraints: 284 | nOpeningPoints: 24| Prover memory: 1.74 GB
------------------------------------------------------------
> Writing the chelpers file
> Writing the chelpers file
> Writing the chelpers file
> Writing the chelpers file finished
---------------------------------------------
> Writing chelpers verifier file
> Writing the chelpers file finished
---------------------------------------------
------------------------- AIR INFO -------------------------
Columns fixed: 52 -> Columns in the basefield: 52
Columns stage 1: 8 -> Columns in the basefield: 8
Columns stage 2: 5 (0 intermediate polynomials) -> Columns in the basefield: 15 (0 from intermediate polynomials)
Columns stage Q: 1 -> Columns in the basefield: 3
Total Columns: 14 -> Columns in the basefield: 26
Total Constraints: 248
Number of opening points: 2
Prover memory: 3.45 GB
------------------------------------------------------------
SUMMARY | VirtualTable0 | nBits: 21 | blowUpFactor: 1 | maxConstraintDegree: 2 | Fixed: 52 | Stage1: 8 | Stage2: 15 | StageQ: 3 | ImPols: 0 => 0 = 0 + 0 | Total: 26 | nConstraints: 248 | nOpeningPoints: 2| Prover memory: 3.45 GB
------------------------------------------------------------
> Writing the chelpers file finished
---------------------------------------------
> Writing chelpers verifier file
> Writing the chelpers file finished
---------------------------------------------
> Writing the chelpers file finished
---------------------------------------------
> Writing chelpers verifier file
> Writing the chelpers file finished
---------------------------------------------
> Writing the chelpers file finished
---------------------------------------------
> Writing chelpers verifier file
> Writing the chelpers file finished
---------------------------------------------
------------------------- AIR INFO -------------------------
Columns fixed: 1 -> Columns in the basefield: 1
Columns stage 1: 31 -> Columns in the basefield: 31
Columns stage 2: 11 (2 intermediate polynomials) -> Columns in the basefield: 29 (2 from intermediate polynomials)
Columns stage Q: 1 -> Columns in the basefield: 3
Total Columns: 43 -> Columns in the basefield: 63
Total Constraints: 64
Number of opening points: 2
Prover memory: 3.03 GB
------------------------------------------------------------
SUMMARY | Dma64AlignedMemCpy | nBits: 21 | blowUpFactor: 1 | maxConstraintDegree: 2 | Fixed: 1 | Stage1: 31 | Stage2: 29 | StageQ: 3 | ImPols: 2 => 2 = 2 + 0 | Total: 63 | nConstraints: 64 | nOpeningPoints: 2| Prover memory: 3.03 GB
------------------------------------------------------------
> Writing the chelpers file
> Writing the chelpers file
> Writing the chelpers file finished
---------------------------------------------
> Writing chelpers verifier file
> Writing the chelpers file finished
---------------------------------------------
> Writing the chelpers file
> Writing the chelpers file
> Writing the chelpers file
> Writing the chelpers file
> Writing the chelpers file
> Writing the chelpers file
> Writing the chelpers file
> Writing the chelpers file
> Writing the chelpers file
> Writing the chelpers file
> Writing the chelpers file finished
---------------------------------------------
> Writing the chelpers file
> Writing chelpers verifier file
> Writing the chelpers file
> Writing the chelpers file finished
---------------------------------------------
> Writing the chelpers file
> Writing the chelpers file finished
---------------------------------------------
> Writing chelpers verifier file
> Writing the chelpers file finished
---------------------------------------------
------------------------- AIR INFO -------------------------
Columns fixed: 73 -> Columns in the basefield: 73
Columns stage 1: 8 -> Columns in the basefield: 8
Columns stage 2: 5 (0 intermediate polynomials) -> Columns in the basefield: 15 (0 from intermediate polynomials)
Columns stage Q: 1 -> Columns in the basefield: 3
Total Columns: 14 -> Columns in the basefield: 26
Total Constraints: 248
Number of opening points: 2
Prover memory: 4.11 GB
------------------------------------------------------------
SUMMARY | VirtualTable1 | nBits: 21 | blowUpFactor: 1 | maxConstraintDegree: 2 | Fixed: 73 | Stage1: 8 | Stage2: 15 | StageQ: 3 | ImPols: 0 => 0 = 0 + 0 | Total: 26 | nConstraints: 248 | nOpeningPoints: 2| Prover memory: 4.11 GB
------------------------------------------------------------
> Writing the chelpers file finished
---------------------------------------------
> Writing chelpers verifier file
> Writing the chelpers file finished
---------------------------------------------
> Writing the chelpers file finished
---------------------------------------------
> Writing chelpers verifier file
> Writing the chelpers file finished
---------------------------------------------
> Writing the chelpers file finished
---------------------------------------------
> Writing chelpers verifier file
> Writing the chelpers file finished
---------------------------------------------
> Writing the chelpers file finished
---------------------------------------------
> Writing chelpers verifier file
> Writing the chelpers file finished
---------------------------------------------
> Writing the chelpers file finished
---------------------------------------------
> Writing chelpers verifier file
> Writing the chelpers file finished
---------------------------------------------
> Writing the chelpers file finished
---------------------------------------------
> Writing chelpers verifier file
> Writing the chelpers file finished
---------------------------------------------
> Writing the chelpers file
> Writing the chelpers file
> Writing the chelpers file finished
---------------------------------------------
> Writing chelpers verifier file
> Writing the chelpers file finished
---------------------------------------------
> Writing the chelpers file finished
---------------------------------------------
> Writing chelpers verifier file
> Writing the chelpers file finished
---------------------------------------------
> Writing the chelpers file finished
---------------------------------------------
> Writing chelpers verifier file
> Writing the chelpers file finished
---------------------------------------------
> Writing the chelpers file finished
---------------------------------------------
> Writing chelpers verifier file
> Writing the chelpers file finished
---------------------------------------------
> Writing the chelpers file finished
---------------------------------------------
> Writing chelpers verifier file
> Writing the chelpers file finished
---------------------------------------------
> Writing the chelpers file finished
---------------------------------------------
> Writing chelpers verifier file
> Writing the chelpers file finished
---------------------------------------------
> Writing the chelpers file finished
---------------------------------------------
> Writing chelpers verifier file
> Writing the chelpers file finished
---------------------------------------------
------------------------- AIR INFO -------------------------
Columns fixed: 2 -> Columns in the basefield: 2
Columns stage 1: 2137 -> Columns in the basefield: 2137
Columns stage 2: 26 (0 intermediate polynomials) -> Columns in the basefield: 78 (0 from intermediate polynomials)
Columns stage Q: 2 -> Columns in the basefield: 6
Total Columns: 2165 -> Columns in the basefield: 2221
Total Constraints: 1840
Number of opening points: 5
Prover memory: 6.39 GB
------------------------------------------------------------
SUMMARY | Keccakf | nBits: 17 | blowUpFactor: 1 | maxConstraintDegree: 3 | Fixed: 2 | Stage1: 2137 | Stage2: 78 | StageQ: 6 | ImPols: 0 => 0 = 0 + 0 | Total: 2221 | nConstraints: 1840 | nOpeningPoints: 5| Prover memory: 6.39 GB
------------------------------------------------------------
> Writing the chelpers file
> Writing the chelpers file
> Writing the chelpers file
> Writing the chelpers file
> Writing the chelpers file
> Writing the chelpers file
> Writing the chelpers file
> Writing the chelpers file
> Writing the chelpers file
> Writing the chelpers file
> Writing the chelpers file
> Writing the chelpers file
> Writing the chelpers file
> Writing the chelpers file finished
---------------------------------------------
> Writing chelpers verifier file
> Writing the chelpers file finished
---------------------------------------------
> Writing the chelpers file finished
---------------------------------------------
> Writing chelpers verifier file
> Writing the chelpers file finished
---------------------------------------------
> Writing the chelpers file finished
---------------------------------------------
> Writing chelpers verifier file
> Writing the chelpers file finished
---------------------------------------------
> Writing the chelpers file finished
---------------------------------------------
> Writing chelpers verifier file
> Writing the chelpers file finished
---------------------------------------------
> Writing the chelpers file finished
---------------------------------------------
> Writing chelpers verifier file
> Writing the chelpers file finished
---------------------------------------------
> Writing the chelpers file finished
---------------------------------------------
> Writing the chelpers file finished
---------------------------------------------
> Writing chelpers verifier file
> Writing chelpers verifier file
> Writing the chelpers file finished
---------------------------------------------
> Writing the chelpers file finished
---------------------------------------------
> Writing the chelpers file finished
---------------------------------------------
> Writing chelpers verifier file
> Writing the chelpers file finished
---------------------------------------------
> Writing the chelpers file finished
---------------------------------------------
> Writing chelpers verifier file
> Writing the chelpers file finished
---------------------------------------------
> Writing the chelpers file finished
---------------------------------------------
> Writing chelpers verifier file
> Writing the chelpers file finished
---------------------------------------------
> Writing the chelpers file finished
---------------------------------------------
> Writing chelpers verifier file
> Writing the chelpers file finished
---------------------------------------------
> Writing the chelpers file finished
---------------------------------------------
> Writing chelpers verifier file
> Writing the chelpers file finished
---------------------------------------------
> Writing chelpers verifier file
> Writing the chelpers file finished
---------------------------------------------
> Writing the chelpers file finished
---------------------------------------------
> Writing the chelpers file finished
---------------------------------------------
> Writing chelpers verifier file
> Writing the chelpers file finished
---------------------------------------------
> Writing the chelpers file
> Writing the chelpers file finished
---------------------------------------------
> Writing chelpers verifier file
> Writing the chelpers file finished
---------------------------------------------
Error: Compressor check failed for air 'Dma'

Caused by:
    Circom compilation failed in compressor check: [0m[1m[38;5;9merror[T2046][0m[1m: Bus or signal not defined in component[0m
         [0m[34mâ”Śâ”€[0m "/tmp/.tmpTBapwr/verifier.circom":1671:26
         [0m[34mâ”‚[0m
    [0m[34m1671[0m [0m[34mâ”‚[0m     signal tmp_2[3] <== [[0m[31mmapValues.cm1_6[0m - evals[1][0], -evals[1][1], -evals[1][2]];
         [0m[34mâ”‚[0m                          [0m[31m^^^^^^^^^^^^^^^[0m [0m[31mcm1_6 is not defined in mapValues[0m
    
    [0m[1m[38;5;9merror[T2046][0m[1m: Bus or signal not defined in component[0m
         [0m[34mâ”Śâ”€[0m "/tmp/.tmpTBapwr/verifier.circom":1674:26
         [0m[34mâ”‚[0m
    [0m[34m1674[0m [0m[34mâ”‚[0m     signal tmp_5[3] <== [[0m[31mmapValues.cm1_7[0m - evals[2][0], -evals[2][1], -evals[2][2]];
         [0m[34mâ”‚[0m                          [0m[31m^^^^^^^^^^^^^^^[0m [0m[31mcm1_7 is not defined in mapValues[0m
    
    [0m[1m[38;5;9merror[T2046][0m[1m: Bus or signal not defined in component[0m
         [0m[34mâ”Śâ”€[0m "/tmp/.tmpTBapwr/verifier.circom":1677:26
         [0m[34mâ”‚[0m
    [0m[34m1677[0m [0m[34mâ”‚[0m     signal tmp_8[3] <== [[0m[31mmapValues.cm1_8[0m - evals[3][0], -evals[3][1], -evals[3][2]];
         [0m[34mâ”‚[0m                          [0m[31m^^^^^^^^^^^^^^^[0m [0m[31mcm1_8 is not defined in mapValues[0m
    
    [0m[1m[38;5;9merror[T2046][0m[1m: Bus or signal not defined in component[0m
         [0m[34mâ”Śâ”€[0m "/tmp/.tmpTBapwr/verifier.circom":1680:27
         [0m[34mâ”‚[0m
    [0m[34m1680[0m [0m[34mâ”‚[0m     signal tmp_11[3] <== [[0m[31mmapValues.cm1_11[0m - evals[4][0], -evals[4][1], -evals[4][2]];
         [0m[34mâ”‚[0m                           [0m[31m^^^^^^^^^^^^^^^^[0m [0m[31mcm1_11 is not defined in mapValues[0m
    
    [0m[1m[38;5;9merror[T2046][0m[1m: Bus or signal not defined in component[0m
         [0m[34mâ”Śâ”€[0m "/tmp/.tmpTBapwr/verifier.circom":1683:27
         [0m[34mâ”‚[0m
    [0m[34m1683[0m [0m[34mâ”‚[0m     signal tmp_14[3] <== [[0m[31mmapValues.cm1_12[0m - evals[5][0], -evals[5][1], -evals[5][2]];
         [0m[34mâ”‚[0m                           [0m[31m^^^^^^^^^^^^^^^^[0m [0m[31mcm1_12 is not defined in mapValues[0m
    
    [0m[1m[38;5;9merror[T2046][0m[1m: Bus or signal not defined in component[0m
         [0m[34mâ”Śâ”€[0m "/tmp/.tmpTBapwr/verifier.circom":1686:27
         [0m[34mâ”‚[0m
    [0m[34m1686[0m [0m[34mâ”‚[0m     signal tmp_17[3] <== [[0m[31mmapValues.cm1_13[0m - evals[6][0], -evals[6][1], -evals[6][2]];
         [0m[34mâ”‚[0m                           [0m[31m^^^^^^^^^^^^^^^^[0m [0m[31mcm1_13 is not defined in mapValues[0m
    
    [0m[1m[38;5;9merror[T2046][0m[1m: Bus or signal not defined in component[0m
         [0m[34mâ”Śâ”€[0m "/tmp/.tmpTBapwr/verifier.circom":1689:27
         [0m[34mâ”‚[0m
    [0m[34m1689[0m [0m[34mâ”‚[0m     signal tmp_20[3] <== [[0m[31mmapValues.cm1_14[0m - evals[7][0], -evals[7][1], -evals[7][2]];
         [0m[34mâ”‚[0m                           [0m[31m^^^^^^^^^^^^^^^^[0m [0m[31mcm1_14 is not defined in mapValues[0m
    
    [0m[1m[38;5;9merror[T2046][0m[1m: Bus or signal not defined in component[0m
         [0m[34mâ”Śâ”€[0m "/tmp/.tmpTBapwr/verifier.circom":1692:27
         [0m[34mâ”‚[0m
    [0m[34m1692[0m [0m[34mâ”‚[0m     signal tmp_23[3] <== [[0m[31mmapValues.cm1_20[0m - evals[8][0], -evals[8][1], -evals[8][2]];
         [0m[34mâ”‚[0m                           [0m[31m^^^^^^^^^^^^^^^^[0m [0m[31mcm1_20 is not defined in mapValues[0m
    
    [0m[1m[38;5;9merror[T2046][0m[1m: Bus or signal not defined in component[0m
         [0m[34mâ”Śâ”€[0m "/tmp/.tmpTBapwr/verifier.circom":1695:27
         [0m[34mâ”‚[0m
    [0m[34m1695[0m [0m[34mâ”‚[0m     signal tmp_26[3] <== [[0m[31mmapValues.cm1_21[0m - evals[9][0], -evals[9][1], -evals[9][2]];
         [0m[34mâ”‚[0m                           [0m[31m^^^^^^^^^^^^^^^^[0m [0m[31mcm1_21 is not defined in mapValues[0m
    
    [0m[1m[38;5;9merror[T2046][0m[1m: Bus or signal not defined in component[0m
         [0m[34mâ”Śâ”€[0m "/tmp/.tmpTBapwr/verifier.circom":1698:27
         [0m[34mâ”‚[0m
    [0m[34m1698[0m [0m[34mâ”‚[0m     signal tmp_29[3] <== [[0m[31mmapValues.cm1_22[0m - evals[10][0], -evals[10][1], -evals[10][2]];
         [0m[34mâ”‚[0m                           [0m[31m^^^^^^^^^^^^^^^^[0m [0m[31mcm1_22 is not defined in mapValues[0m
    
    [0m[1m[38;5;9merror[T2046][0m[1m: Bus or signal not defined in component[0m
         [0m[34mâ”Śâ”€[0m "/tmp/.tmpTBapwr/verifier.circom":1701:27
         [0m[34mâ”‚[0m
    [0m[34m1701[0m [0m[34mâ”‚[0m     signal tmp_32[3] <== [[0m[31mmapValues.cm1_23[0m - evals[11][0], -evals[11][1], -evals[11][2]];
         [0m[34mâ”‚[0m                           [0m[31m^^^^^^^^^^^^^^^^[0m [0m[31mcm1_23 is not defined in mapValues[0m
    
    [0m[1m[38;5;9merror[T2046][0m[1m: Bus or signal not defined in component[0m
         [0m[34mâ”Śâ”€[0m "/tmp/.tmpTBapwr/verifier.circom":1704:27
         [0m[34mâ”‚[0m
    [0m[34m1704[0m [0m[34mâ”‚[0m     signal tmp_35[3] <== [[0m[31mmapValues.cm1_24[0m - evals[12][0], -evals[12][1], -evals[12][2]];
         [0m[34mâ”‚[0m                           [0m[31m^^^^^^^^^^^^^^^^[0m [0m[31mcm1_24 is not defined in mapValues[0m
    
    [0m[1m[38;5;9merror[T2046][0m[1m: Bus or signal not defined in component[0m
         [0m[34mâ”Śâ”€[0m "/tmp/.tmpTBapwr/verifier.circom":1707:27
         [0m[34mâ”‚[0m
    [0m[34m1707[0m [0m[34mâ”‚[0m     signal tmp_38[3] <== [[0m[31mmapValues.cm2_0[0][0m - evals[13][0], mapValues.cm2_0[1] - evals[13][1], mapValues.cm2_0[2] - evals[13][2]];
         [0m[34mâ”‚[0m                           [0m[31m^^^^^^^^^^^^^^^^^^[0m [0m[31mcm2_0 is not defined in mapValues[0m
    
    [0m[1m[38;5;9merror[T2046][0m[1m: Bus or signal not defined in component[0m
         [0m[34mâ”Śâ”€[0m "/tmp/.tmpTBapwr/verifier.circom":1707:62
         [0m[34mâ”‚[0m
    [0m[34m1707[0m [0m[34mâ”‚[0m     signal tmp_38[3] <== [mapValues.cm2_0[0] - evals[13][0], [0m[31mmapValues.cm2_0[1][0m - evals[13][1], mapValues.cm2_0[2] - evals[13][2]];
         [0m[34mâ”‚[0m                                                              [0m[31m^^^^^^^^^^^^^^^^^^[0m [0m[31mcm2_0 is not defined in mapValues[0m
    
    [0m[1m[38;5;9merror[T2046][0m[1m: Bus or signal not defined in component[0m
         [0m[34mâ”Śâ”€[0m "/tmp/.tmpTBapwr/verifier.circom":1707:97
         [0m[34mâ”‚[0m
    [0m[34m1707[0m [0m[34mâ”‚[0m     signal tmp_38[3] <== [mapValues.cm2_0[0] - evals[13][0], mapValues.cm2_0[1] - evals[13][1], [0m[31mmapValues.cm2_0[2][0m - evals[13][2]];
         [0m[34mâ”‚[0m                                                                                                 [0m[31m^^^^^^^^^^^^^^^^^^[0m [0m[31mcm2_0 is not defined in mapValues[0m
    
    [0m[1m[38;5;9merror[T2046][0m[1m: Bus or signal not defined in component[0m
         [0m[34mâ”Śâ”€[0m "/tmp/.tmpTBapwr/verifier.circom":1710:27
         [0m[34mâ”‚[0m
    [0m[34m1710[0m [0m[34mâ”‚[0m     signal tmp_41[3] <== [[0m[31mmapValues.cm2_1[0][0m - evals[14][0], mapValues.cm2_1[1] - evals[14][1], mapValues.cm2_1[2] - evals[14][2]];
         [0m[34mâ”‚[0m                           [0m[31m^^^^^^^^^^^^^^^^^^[0m [0m[31mcm2_1 is not defined in mapValues[0m
    
    [0m[1m[38;5;9merror[T2046][0m[1m: Bus or signal not defined in component[0m
         [0m[34mâ”Śâ”€[0m "/tmp/.tmpTBapwr/verifier.circom":1710:62
         [0m[34mâ”‚[0m
    [0m[34m1710[0m [0m[34mâ”‚[0m     signal tmp_41[3] <== [mapValues.cm2_1[0] - evals[14][0], [0m[31mmapValues.cm2_1[1][0m - evals[14][1], mapValues.cm2_1[2] - evals[14][2]];
         [0m[34mâ”‚[0m                                                              [0m[31m^^^^^^^^^^^^^^^^^^[0m [0m[31mcm2_1 is not defined in mapValues[0m
    
    [0m[1m[38;5;9merror[T2046][0m[1m: Bus or signal not defined in component[0m
         [0m[34mâ”Śâ”€[0m "/tmp/.tmpTBapwr/verifier.circom":1710:97
         [0m[34mâ”‚[0m
    [0m[34m1710[0m [0m[34mâ”‚[0m     signal tmp_41[3] <== [mapValues.cm2_1[0] - evals[14][0], mapValues.cm2_1[1] - evals[14][1], [0m[31mmapValues.cm2_1[2][0m - evals[14][2]];
         [0m[34mâ”‚[0m                                                                                                 [0m[31m^^^^^^^^^^^^^^^^^^[0m [0m[31mcm2_1 is not defined in mapValues[0m
    
    [0m[1m[38;5;9merror[T2046][0m[1m: Bus or signal not defined in component[0m
         [0m[34mâ”Śâ”€[0m "/tmp/.tmpTBapwr/verifier.circom":1713:27
         [0m[34mâ”‚[0m
    [0m[34m1713[0m [0m[34mâ”‚[0m     signal tmp_44[3] <== [[0m[31mmapValues.cm2_2[0][0m - evals[15][0], mapValues.cm2_2[1] - evals[15][1], mapValues.cm2_2[2] - evals[15][2]];
         [0m[34mâ”‚[0m                           [0m[31m^^^^^^^^^^^^^^^^^^[0m [0m[31mcm2_2 is not defined in mapValues[0m
    
    [0m[1m[38;5;9merror[T2046][0m[1m: Bus or signal not defined in component[0m
         [0m[34mâ”Śâ”€[0m "/tmp/.tmpTBapwr/verifier.circom":1713:62
         [0m[34mâ”‚[0m
    [0m[34m1713[0m [0m[34mâ”‚[0m     signal tmp_44[3] <== [mapValues.cm2_2[0] - evals[15][0], [0m[31mmapValues.cm2_2[1][0m - evals[15][1], mapValues.cm2_2[2] - evals[15][2]];
         [0m[34mâ”‚[0m                                                              [0m[31m^^^^^^^^^^^^^^^^^^[0m [0m[31mcm2_2 is not defined in mapValues[0m
    
    [0m[1m[38;5;9merror[T2046][0m[1m: Bus or signal not defined in component[0m
         [0m[34mâ”Śâ”€[0m "/tmp/.tmpTBapwr/verifier.circom":1713:97
         [0m[34mâ”‚[0m
    [0m[34m1713[0m [0m[34mâ”‚[0m     signal tmp_44[3] <== [mapValues.cm2_2[0] - evals[15][0], mapValues.cm2_2[1] - evals[15][1], [0m[31mmapValues.cm2_2[2][0m - evals[15][2]];
         [0m[34mâ”‚[0m                                                                                                 [0m[31m^^^^^^^^^^^^^^^^^^[0m [0m[31mcm2_2 is not defined in mapValues[0m
    
    [0m[1m[38;5;9merror[T2046][0m[1m: Bus or signal not defined in component[0m
         [0m[34mâ”Śâ”€[0m "/tmp/.tmpTBapwr/verifier.circom":1716:27
         [0m[34mâ”‚[0m
    [0m[34m1716[0m [0m[34mâ”‚[0m     signal tmp_47[3] <== [[0m[31mmapValues.cm2_3[0][0m - evals[16][0], mapValues.cm2_3[1] - evals[16][1], mapValues.cm2_3[2] - evals[16][2]];
         [0m[34mâ”‚[0m                           [0m[31m^^^^^^^^^^^^^^^^^^[0m [0m[31mcm2_3 is not defined in mapValues[0m
    
    [0m[1m[38;5;9merror[T2046][0m[1m: Bus or signal not defined in component[0m
         [0m[34mâ”Śâ”€[0m "/tmp/.tmpTBapwr/verifier.circom":1716:62
         [0m[34mâ”‚[0m
    [0m[34m1716[0m [0m[34mâ”‚[0m     signal tmp_47[3] <== [mapValues.cm2_3[0] - evals[16][0], [0m[31mmapValues.cm2_3[1][0m - evals[16][1], mapValues.cm2_3[2] - evals[16][2]];
         [0m[34mâ”‚[0m                                                              [0m[31m^^^^^^^^^^^^^^^^^^[0m [0m[31mcm2_3 is not defined in mapValues[0m
    
    [0m[1m[38;5;9merror[T2046][0m[1m: Bus or signal not defined in component[0m
         [0m[34mâ”Śâ”€[0m "/tmp/.tmpTBapwr/verifier.circom":1716:97
         [0m[34mâ”‚[0m
    [0m[34m1716[0m [0m[34mâ”‚[0m     signal tmp_47[3] <== [mapValues.cm2_3[0] - evals[16][0], mapValues.cm2_3[1] - evals[16][1], [0m[31mmapValues.cm2_3[2][0m - evals[16][2]];
         [0m[34mâ”‚[0m                                                                                                 [0m[31m^^^^^^^^^^^^^^^^^^[0m [0m[31mcm2_3 is not defined in mapValues[0m
    
    [0m[1m[38;5;9merror[T2046][0m[1m: Bus or signal not defined in component[0m
         [0m[34mâ”Śâ”€[0m "/tmp/.tmpTBapwr/verifier.circom":1719:27
         [0m[34mâ”‚[0m
    [0m[34m1719[0m [0m[34mâ”‚[0m     signal tmp_50[3] <== [[0m[31mmapValues.cm2_4[0][0m - evals[17][0], mapValues.cm2_4[1] - evals[17][1], mapValues.cm2_4[2] - evals[17][2]];
         [0m[34mâ”‚[0m                           [0m[31m^^^^^^^^^^^^^^^^^^[0m [0m[31mcm2_4 is not defined in mapValues[0m
    
    [0m[1m[38;5;9merror[T2046][0m[1m: Bus or signal not defined in component[0m
         [0m[34mâ”Śâ”€[0m "/tmp/.tmpTBapwr/verifier.circom":1719:62
         [0m[34mâ”‚[0m
    [0m[34m1719[0m [0m[34mâ”‚[0m     signal tmp_50[3] <== [mapValues.cm2_4[0] - evals[17][0], [0m[31mmapValues.cm2_4[1][0m - evals[17][1], mapValues.cm2_4[2] - evals[17][2]];
         [0m[34mâ”‚[0m                                                              [0m[31m^^^^^^^^^^^^^^^^^^[0m [0m[31mcm2_4 is not defined in mapValues[0m
    
    [0m[1m[38;5;9merror[T2046][0m[1m: Bus or signal not defined in component[0m
         [0m[34mâ”Śâ”€[0m "/tmp/.tmpTBapwr/verifier.circom":1719:97
         [0m[34mâ”‚[0m
    [0m[34m1719[0m [0m[34mâ”‚[0m     signal tmp_50[3] <== [mapValues.cm2_4[0] - evals[17][0], mapValues.cm2_4[1] - evals[17][1], [0m[31mmapValues.cm2_4[2][0m - evals[17][2]];
         [0m[34mâ”‚[0m                                                                                                 [0m[31m^^^^^^^^^^^^^^^^^^[0m [0m[31mcm2_4 is not defined in mapValues[0m
    
    [0m[1m[38;5;9merror[T2046][0m[1m: Bus or signal not defined in component[0m
         [0m[34mâ”Śâ”€[0m "/tmp/.tmpTBapwr/verifier.circom":1722:27
         [0m[34mâ”‚[0m
    [0m[34m1722[0m [0m[34mâ”‚[0m     signal tmp_53[3] <== [[0m[31mmapValues.cm2_5[0][0m - evals[18][0], mapValues.cm2_5[1] - evals[18][1], mapValues.cm2_5[2] - evals[18][2]];
         [0m[34mâ”‚[0m                           [0m[31m^^^^^^^^^^^^^^^^^^[0m [0m[31mcm2_5 is not defined in mapValues[0m
    
    [0m[1m[38;5;9merror[T2046][0m[1m: Bus or signal not defined in component[0m
         [0m[34mâ”Śâ”€[0m "/tmp/.tmpTBapwr/verifier.circom":1722:62
         [0m[34mâ”‚[0m
    [0m[34m1722[0m [0m[34mâ”‚[0m     signal tmp_53[3] <== [mapValues.cm2_5[0] - evals[18][0], [0m[31mmapValues.cm2_5[1][0m - evals[18][1], mapValues.cm2_5[2] - evals[18][2]];
         [0m[34mâ”‚[0m                                                              [0m[31m^^^^^^^^^^^^^^^^^^[0m [0m[31mcm2_5 is not defined in mapValues[0m
    
    [0m[1m[38;5;9merror[T2046][0m[1m: Bus or signal not defined in component[0m
         [0m[34mâ”Śâ”€[0m "/tmp/.tmpTBapwr/verifier.circom":1722:97
         [0m[34mâ”‚[0m
    [0m[34m1722[0m [0m[34mâ”‚[0m     signal tmp_53[3] <== [mapValues.cm2_5[0] - evals[18][0], mapValues.cm2_5[1] - evals[18][1], [0m[31mmapValues.cm2_5[2][0m - evals[18][2]];
         [0m[34mâ”‚[0m                                                                                                 [0m[31m^^^^^^^^^^^^^^^^^^[0m [0m[31mcm2_5 is not defined in mapValues[0m
    
    [0m[1m[38;5;9merror[T2046][0m[1m: Bus or signal not defined in component[0m
         [0m[34mâ”Śâ”€[0m "/tmp/.tmpTBapwr/verifier.circom":1725:27
         [0m[34mâ”‚[0m
    [0m[34m1725[0m [0m[34mâ”‚[0m     signal tmp_56[3] <== [[0m[31mmapValues.cm3_0[0][0m - evals[19][0], mapValues.cm3_0[1] - evals[19][1], mapValues.cm3_0[2] - evals[19][2]];
         [0m[34mâ”‚[0m                           [0m[31m^^^^^^^^^^^^^^^^^^[0m [0m[31mcm3_0 is not defined in mapValues[0m
    
    [0m[1m[38;5;9merror[T2046][0m[1m: Bus or signal not defined in component[0m
         [0m[34mâ”Śâ”€[0m "/tmp/.tmpTBapwr/verifier.circom":1725:62
         [0m[34mâ”‚[0m
    [0m[34m1725[0m [0m[34mâ”‚[0m     signal tmp_56[3] <== [mapValues.cm3_0[0] - evals[19][0], [0m[31mmapValues.cm3_0[1][0m - evals[19][1], mapValues.cm3_0[2] - evals[19][2]];
         [0m[34mâ”‚[0m                                                              [0m[31m^^^^^^^^^^^^^^^^^^[0m [0m[31mcm3_0 is not defined in mapValues[0m
    
    [0m[1m[38;5;9merror[T2046][0m[1m: Bus or signal not defined in component[0m
         [0m[34mâ”Śâ”€[0m "/tmp/.tmpTBapwr/verifier.circom":1725:97
         [0m[34mâ”‚[0m
    [0m[34m1725[0m [0m[34mâ”‚[0m     signal tmp_56[3] <== [mapValues.cm3_0[0] - evals[19][0], mapValues.cm3_0[1] - evals[19][1], [0m[31mmapValues.cm3_0[2][0m - evals[19][2]];
         [0m[34mâ”‚[0m                                                                                                 [0m[31m^^^^^^^^^^^^^^^^^^[0m [0m[31mcm3_0 is not defined in mapValues[0m
    
    [0m[1m[38;5;9merror[T2046][0m[1m: Bus or signal not defined in component[0m
         [0m[34mâ”Śâ”€[0m "/tmp/.tmpTBapwr/verifier.circom":1731:27
         [0m[34mâ”‚[0m
    [0m[34m1731[0m [0m[34mâ”‚[0m     signal tmp_62[3] <== [[0m[31mmapValues.cm2_0[0][0m - evals[21][0], mapValues.cm2_0[1] - evals[21][1], mapValues.cm2_0[2] - evals[21][2]];
         [0m[34mâ”‚[0m                           [0m[31m^^^^^^^^^^^^^^^^^^[0m [0m[31mcm2_0 is not defined in mapValues[0m
    
    [0m[1m[38;5;9merror[T2046][0m[1m: Bus or signal not defined in component[0m
         [0m[34mâ”Śâ”€[0m "/tmp/.tmpTBapwr/verifier.circom":1731:62
         [0m[34mâ”‚[0m
    [0m[34m1731[0m [0m[34mâ”‚[0m     signal tmp_62[3] <== [mapValues.cm2_0[0] - evals[21][0], [0m[31mmapValues.cm2_0[1][0m - evals[21][1], mapValues.cm2_0[2] - evals[21][2]];
         [0m[34mâ”‚[0m                                                              [0m[31m^^^^^^^^^^^^^^^^^^[0m [0m[31mcm2_0 is not defined in mapValues[0m
    
    [0m[1m[38;5;9merror[T2046][0m[1m: Bus or signal not defined in component[0m
         [0m[34mâ”Śâ”€[0m "/tmp/.tmpTBapwr/verifier.circom":1731:97
         [0m[34mâ”‚[0m
    [0m[34m1731[0m [0m[34mâ”‚[0m     signal tmp_62[3] <== [mapValues.cm2_0[0] - evals[21][0], mapValues.cm2_0[1] - evals[21][1], [0m[31mmapValues.cm2_0[2][0m - evals[21][2]];
         [0m[34mâ”‚[0m                                                                                                 [0m[31m^^^^^^^^^^^^^^^^^^[0m [0m[31mcm2_0 is not defined in mapValues[0m
    
    [31mprevious errors were found[0m
    
make: *** [Makefile:62: generate-key] Error 1
Command exited with non-zero status 2
	Command being timed: "make generate-key"
	User time (seconds): 947.84
	System time (seconds): 167.76
	Percent of CPU this job got: 421%
	Elapsed (wall clock) time (h:mm:ss or m:ss): 4:24.46
	Average shared text size (kbytes): 0
	Average unshared data size (kbytes): 0
	Average stack size (kbytes): 0
	Average total size (kbytes): 0
	Maximum resident set size (kbytes): 35174968
	Average resident set size (kbytes): 0
	Major (requiring I/O) page faults: 1
	Minor (reclaiming a frame) page faults: 46110375
	Voluntary context switches: 261185
	Involuntary context switches: 55707
	Swaps: 0
	File system inputs: 1912
	File system outputs: 15710120
	Socket messages sent: 0
	Socket messages received: 0
	Signals delivered: 0
	Page size (bytes): 4096
	Exit status: 2
